<?xml version="1.0" encoding="UTF-8"?>
<robot generator="Robot 7.1 (Python 3.12.7 on win32)" generated="2025-04-21T21:42:53.704547" rpa="false" schemaversion="5">
<suite id="s1" name="Information" source="C:\Users\Johny Eren\inkr\test\information">
<suite id="s1-s1" name="Get Info Suite" source="C:\Users\Johny Eren\inkr\test\information\Get_Info_Suite.robot">
<test id="s1-s1-t1" name="Get coin desk" line="21">
<kw name="Create driver" owner="Utility_Step" type="SETUP">
<kw name="Evaluate" owner="BuiltIn">
<msg time="2025-04-21T21:42:54.338878" level="INFO">${options} = &lt;selenium.webdriver.chrome.options.Options object at 0x0000024763BC1EE0&gt;</msg>
<var>${options}</var>
<arg>sys.modules['selenium.webdriver'].ChromeOptions()</arg>
<arg>sys</arg>
<doc>Evaluates the given expression in Python and returns the result.</doc>
<status status="PASS" start="2025-04-21T21:42:54.338878" elapsed="0.000000"/>
</kw>
<kw name="Call Method" owner="BuiltIn">
<arg>${options}</arg>
<arg>add_argument</arg>
<arg>--disable-notifications</arg>
<doc>Calls the named method of the given object with the provided arguments.</doc>
<status status="PASS" start="2025-04-21T21:42:54.338878" elapsed="0.000000"/>
</kw>
<kw name="Call Method" owner="BuiltIn">
<arg>${options}</arg>
<arg>add_argument</arg>
<arg>--disable-infobars</arg>
<doc>Calls the named method of the given object with the provided arguments.</doc>
<status status="PASS" start="2025-04-21T21:42:54.338878" elapsed="0.000000"/>
</kw>
<kw name="Call Method" owner="BuiltIn">
<arg>${options}</arg>
<arg>add_argument</arg>
<arg>--disable-extensions</arg>
<doc>Calls the named method of the given object with the provided arguments.</doc>
<status status="PASS" start="2025-04-21T21:42:54.338878" elapsed="0.000000"/>
</kw>
<kw name="Call Method" owner="BuiltIn">
<arg>${options}</arg>
<arg>add_argument</arg>
<arg>--no-sandbox</arg>
<doc>Calls the named method of the given object with the provided arguments.</doc>
<status status="PASS" start="2025-04-21T21:42:54.338878" elapsed="0.000000"/>
</kw>
<kw name="Call Method" owner="BuiltIn">
<arg>${options}</arg>
<arg>add_argument</arg>
<arg>--headless</arg>
<doc>Calls the named method of the given object with the provided arguments.</doc>
<status status="PASS" start="2025-04-21T21:42:54.338878" elapsed="0.000000"/>
</kw>
<kw name="Call Method" owner="BuiltIn">
<arg>${options}</arg>
<arg>add_argument</arg>
<arg>--disable-dev-shm-usage</arg>
<doc>Calls the named method of the given object with the provided arguments.</doc>
<status status="PASS" start="2025-04-21T21:42:54.338878" elapsed="0.000000"/>
</kw>
<kw name="Create Webdriver" owner="SeleniumLibrary">
<msg time="2025-04-21T21:42:54.338878" level="INFO">Creating an instance of the Chrome WebDriver.</msg>
<arg>Chrome</arg>
<arg>options=${options}</arg>
<doc>Creates an instance of Selenium WebDriver.</doc>
<status status="PASS" start="2025-04-21T21:42:54.338878" elapsed="1.515605"/>
</kw>
<status status="PASS" start="2025-04-21T21:42:54.338878" elapsed="1.515605"/>
</kw>
<kw name="Go To" owner="SeleniumLibrary">
<msg time="2025-04-21T21:42:55.860023" level="INFO">Opening url 'https://coindesk.com/'</msg>
<arg>${coin_desk}</arg>
<doc>Navigates the current browser window to the provided ``url``.</doc>
<status status="PASS" start="2025-04-21T21:42:55.854483" elapsed="4.573132"/>
</kw>
<kw name="Get news" owner="Home_Step">
<kw name="Get WebElements" owner="SeleniumLibrary">
<msg time="2025-04-21T21:43:00.454454" level="INFO">${title} = [&lt;selenium.webdriver.remote.webelement.WebElement (session="04483a315bbfd2b38b2e4ce9f260fb54", element="f.41E45C7752B6D43A4D49820AFB0D90D2.d.A913CFB6CBEEC4D08CF258B8B07D00E2.e.77")&gt;, &lt;selenium.webdriv...</msg>
<var>${title}</var>
<arg>${element_title}</arg>
<doc>Returns a list of WebElement objects matching the ``locator``.</doc>
<status status="PASS" start="2025-04-21T21:43:00.427615" elapsed="0.026839"/>
</kw>
<kw name="Create List" owner="BuiltIn">
<msg time="2025-04-21T21:43:00.454454" level="INFO">${list_title} = []</msg>
<var>${list_title}</var>
<doc>Returns a list containing given items.</doc>
<status status="PASS" start="2025-04-21T21:43:00.454454" elapsed="0.000000"/>
</kw>
<for flavor="IN">
<iter>
<kw name="Get Text" owner="SeleniumLibrary">
<msg time="2025-04-21T21:43:00.470472" level="INFO">${name} = BTC
$88,156.78
+
4.19%</msg>
<var>${name}</var>
<arg>${element}</arg>
<doc>Returns the text value of the element identified by ``locator``.</doc>
<status status="PASS" start="2025-04-21T21:43:00.454454" elapsed="0.016018"/>
</kw>
<kw name="Append To List" owner="Collections">
<arg>${list_title}</arg>
<arg>${name}</arg>
<doc>Adds ``values`` to the end of ``list``.</doc>
<status status="PASS" start="2025-04-21T21:43:00.470472" elapsed="0.000000"/>
</kw>
<var name="${element}">&lt;selenium.webdriver.remote.webelement.WebElement (session="04483a315bbfd2b38b2e4ce9f260fb54", element="f.41E45C7752B6D43A4D49820AFB0D90D2.d.A913CFB6CBEEC4D08CF258B8B07D00E2.e.77")&gt;</var>
<status status="PASS" start="2025-04-21T21:43:00.454454" elapsed="0.016018"/>
</iter>
<iter>
<kw name="Get Text" owner="SeleniumLibrary">
<msg time="2025-04-21T21:43:00.479510" level="INFO">${name} = ETH
$1,635.65
+
3.51%</msg>
<var>${name}</var>
<arg>${element}</arg>
<doc>Returns the text value of the element identified by ``locator``.</doc>
<status status="PASS" start="2025-04-21T21:43:00.470472" elapsed="0.009038"/>
</kw>
<kw name="Append To List" owner="Collections">
<arg>${list_title}</arg>
<arg>${name}</arg>
<doc>Adds ``values`` to the end of ``list``.</doc>
<status status="PASS" start="2025-04-21T21:43:00.479510" elapsed="0.000000"/>
</kw>
<var name="${element}">&lt;selenium.webdriver.remote.webelement.WebElement (session="04483a315bbfd2b38b2e4ce9f260fb54", element="f.41E45C7752B6D43A4D49820AFB0D90D2.d.A913CFB6CBEEC4D08CF258B8B07D00E2.e.78")&gt;</var>
<status status="PASS" start="2025-04-21T21:43:00.470472" elapsed="0.009038"/>
</iter>
<iter>
<kw name="Get Text" owner="SeleniumLibrary">
<msg time="2025-04-21T21:43:00.490140" level="INFO">${name} = USDT
$1.0001
+
0.03%</msg>
<var>${name}</var>
<arg>${element}</arg>
<doc>Returns the text value of the element identified by ``locator``.</doc>
<status status="PASS" start="2025-04-21T21:43:00.479510" elapsed="0.010630"/>
</kw>
<kw name="Append To List" owner="Collections">
<arg>${list_title}</arg>
<arg>${name}</arg>
<doc>Adds ``values`` to the end of ``list``.</doc>
<status status="PASS" start="2025-04-21T21:43:00.490140" elapsed="0.000000"/>
</kw>
<var name="${element}">&lt;selenium.webdriver.remote.webelement.WebElement (session="04483a315bbfd2b38b2e4ce9f260fb54", element="f.41E45C7752B6D43A4D49820AFB0D90D2.d.A913CFB6CBEEC4D08CF258B8B07D00E2.e.79")&gt;</var>
<status status="PASS" start="2025-04-21T21:43:00.479510" elapsed="0.010630"/>
</iter>
<iter>
<kw name="Get Text" owner="SeleniumLibrary">
<msg time="2025-04-21T21:43:00.498140" level="INFO">${name} = XRP
$2.1316
+
3.53%</msg>
<var>${name}</var>
<arg>${element}</arg>
<doc>Returns the text value of the element identified by ``locator``.</doc>
<status status="PASS" start="2025-04-21T21:43:00.490140" elapsed="0.008000"/>
</kw>
<kw name="Append To List" owner="Collections">
<arg>${list_title}</arg>
<arg>${name}</arg>
<doc>Adds ``values`` to the end of ``list``.</doc>
<status status="PASS" start="2025-04-21T21:43:00.498140" elapsed="0.000000"/>
</kw>
<var name="${element}">&lt;selenium.webdriver.remote.webelement.WebElement (session="04483a315bbfd2b38b2e4ce9f260fb54", element="f.41E45C7752B6D43A4D49820AFB0D90D2.d.A913CFB6CBEEC4D08CF258B8B07D00E2.e.80")&gt;</var>
<status status="PASS" start="2025-04-21T21:43:00.490140" elapsed="0.008000"/>
</iter>
<iter>
<kw name="Get Text" owner="SeleniumLibrary">
<msg time="2025-04-21T21:43:00.505266" level="INFO">${name} = BNB
$604.09
+
2.37%</msg>
<var>${name}</var>
<arg>${element}</arg>
<doc>Returns the text value of the element identified by ``locator``.</doc>
<status status="PASS" start="2025-04-21T21:43:00.498140" elapsed="0.007126"/>
</kw>
<kw name="Append To List" owner="Collections">
<arg>${list_title}</arg>
<arg>${name}</arg>
<doc>Adds ``values`` to the end of ``list``.</doc>
<status status="PASS" start="2025-04-21T21:43:00.505266" elapsed="0.000000"/>
</kw>
<var name="${element}">&lt;selenium.webdriver.remote.webelement.WebElement (session="04483a315bbfd2b38b2e4ce9f260fb54", element="f.41E45C7752B6D43A4D49820AFB0D90D2.d.A913CFB6CBEEC4D08CF258B8B07D00E2.e.81")&gt;</var>
<status status="PASS" start="2025-04-21T21:43:00.498140" elapsed="0.007126"/>
</iter>
<iter>
<kw name="Get Text" owner="SeleniumLibrary">
<msg time="2025-04-21T21:43:00.513487" level="INFO">${name} = SOL
$139.63</msg>
<var>${name}</var>
<arg>${element}</arg>
<doc>Returns the text value of the element identified by ``locator``.</doc>
<status status="PASS" start="2025-04-21T21:43:00.505266" elapsed="0.008221"/>
</kw>
<kw name="Append To List" owner="Collections">
<arg>${list_title}</arg>
<arg>${name}</arg>
<doc>Adds ``values`` to the end of ``list``.</doc>
<status status="PASS" start="2025-04-21T21:43:00.513487" elapsed="0.000000"/>
</kw>
<var name="${element}">&lt;selenium.webdriver.remote.webelement.WebElement (session="04483a315bbfd2b38b2e4ce9f260fb54", element="f.41E45C7752B6D43A4D49820AFB0D90D2.d.A913CFB6CBEEC4D08CF258B8B07D00E2.e.82")&gt;</var>
<status status="PASS" start="2025-04-21T21:43:00.505266" elapsed="0.008221"/>
</iter>
<iter>
<kw name="Get Text" owner="SeleniumLibrary">
<msg time="2025-04-21T21:43:00.523764" level="INFO">${name} = </msg>
<var>${name}</var>
<arg>${element}</arg>
<doc>Returns the text value of the element identified by ``locator``.</doc>
<status status="PASS" start="2025-04-21T21:43:00.513487" elapsed="0.010277"/>
</kw>
<kw name="Append To List" owner="Collections">
<arg>${list_title}</arg>
<arg>${name}</arg>
<doc>Adds ``values`` to the end of ``list``.</doc>
<status status="PASS" start="2025-04-21T21:43:00.523764" elapsed="0.000000"/>
</kw>
<var name="${element}">&lt;selenium.webdriver.remote.webelement.WebElement (session="04483a315bbfd2b38b2e4ce9f260fb54", element="f.41E45C7752B6D43A4D49820AFB0D90D2.d.A913CFB6CBEEC4D08CF258B8B07D00E2.e.83")&gt;</var>
<status status="PASS" start="2025-04-21T21:43:00.513487" elapsed="0.010277"/>
</iter>
<iter>
<kw name="Get Text" owner="SeleniumLibrary">
<msg time="2025-04-21T21:43:00.523764" level="INFO">${name} = </msg>
<var>${name}</var>
<arg>${element}</arg>
<doc>Returns the text value of the element identified by ``locator``.</doc>
<status status="PASS" start="2025-04-21T21:43:00.523764" elapsed="0.000000"/>
</kw>
<kw name="Append To List" owner="Collections">
<arg>${list_title}</arg>
<arg>${name}</arg>
<doc>Adds ``values`` to the end of ``list``.</doc>
<status status="PASS" start="2025-04-21T21:43:00.523764" elapsed="0.000000"/>
</kw>
<var name="${element}">&lt;selenium.webdriver.remote.webelement.WebElement (session="04483a315bbfd2b38b2e4ce9f260fb54", element="f.41E45C7752B6D43A4D49820AFB0D90D2.d.A913CFB6CBEEC4D08CF258B8B07D00E2.e.84")&gt;</var>
<status status="PASS" start="2025-04-21T21:43:00.523764" elapsed="0.000000"/>
</iter>
<iter>
<kw name="Get Text" owner="SeleniumLibrary">
<msg time="2025-04-21T21:43:00.538608" level="INFO">${name} = </msg>
<var>${name}</var>
<arg>${element}</arg>
<doc>Returns the text value of the element identified by ``locator``.</doc>
<status status="PASS" start="2025-04-21T21:43:00.523764" elapsed="0.014844"/>
</kw>
<kw name="Append To List" owner="Collections">
<arg>${list_title}</arg>
<arg>${name}</arg>
<doc>Adds ``values`` to the end of ``list``.</doc>
<status status="PASS" start="2025-04-21T21:43:00.538608" elapsed="0.000000"/>
</kw>
<var name="${element}">&lt;selenium.webdriver.remote.webelement.WebElement (session="04483a315bbfd2b38b2e4ce9f260fb54", element="f.41E45C7752B6D43A4D49820AFB0D90D2.d.A913CFB6CBEEC4D08CF258B8B07D00E2.e.85")&gt;</var>
<status status="PASS" start="2025-04-21T21:43:00.523764" elapsed="0.014844"/>
</iter>
<iter>
<kw name="Get Text" owner="SeleniumLibrary">
<msg time="2025-04-21T21:43:00.554434" level="INFO">${name} = </msg>
<var>${name}</var>
<arg>${element}</arg>
<doc>Returns the text value of the element identified by ``locator``.</doc>
<status status="PASS" start="2025-04-21T21:43:00.538608" elapsed="0.015826"/>
</kw>
<kw name="Append To List" owner="Collections">
<arg>${list_title}</arg>
<arg>${name}</arg>
<doc>Adds ``values`` to the end of ``list``.</doc>
<status status="PASS" start="2025-04-21T21:43:00.554434" elapsed="0.000000"/>
</kw>
<var name="${element}">&lt;selenium.webdriver.remote.webelement.WebElement (session="04483a315bbfd2b38b2e4ce9f260fb54", element="f.41E45C7752B6D43A4D49820AFB0D90D2.d.A913CFB6CBEEC4D08CF258B8B07D00E2.e.86")&gt;</var>
<status status="PASS" start="2025-04-21T21:43:00.538608" elapsed="0.015826"/>
</iter>
<iter>
<kw name="Get Text" owner="SeleniumLibrary">
<msg time="2025-04-21T21:43:00.589545" level="INFO">${name} = </msg>
<var>${name}</var>
<arg>${element}</arg>
<doc>Returns the text value of the element identified by ``locator``.</doc>
<status status="PASS" start="2025-04-21T21:43:00.554434" elapsed="0.035111"/>
</kw>
<kw name="Append To List" owner="Collections">
<arg>${list_title}</arg>
<arg>${name}</arg>
<doc>Adds ``values`` to the end of ``list``.</doc>
<status status="PASS" start="2025-04-21T21:43:00.589545" elapsed="0.000000"/>
</kw>
<var name="${element}">&lt;selenium.webdriver.remote.webelement.WebElement (session="04483a315bbfd2b38b2e4ce9f260fb54", element="f.41E45C7752B6D43A4D49820AFB0D90D2.d.A913CFB6CBEEC4D08CF258B8B07D00E2.e.87")&gt;</var>
<status status="PASS" start="2025-04-21T21:43:00.554434" elapsed="0.035111"/>
</iter>
<iter>
<kw name="Get Text" owner="SeleniumLibrary">
<msg time="2025-04-21T21:43:00.607672" level="INFO">${name} = </msg>
<var>${name}</var>
<arg>${element}</arg>
<doc>Returns the text value of the element identified by ``locator``.</doc>
<status status="PASS" start="2025-04-21T21:43:00.589545" elapsed="0.018127"/>
</kw>
<kw name="Append To List" owner="Collections">
<arg>${list_title}</arg>
<arg>${name}</arg>
<doc>Adds ``values`` to the end of ``list``.</doc>
<status status="PASS" start="2025-04-21T21:43:00.607672" elapsed="0.000000"/>
</kw>
<var name="${element}">&lt;selenium.webdriver.remote.webelement.WebElement (session="04483a315bbfd2b38b2e4ce9f260fb54", element="f.41E45C7752B6D43A4D49820AFB0D90D2.d.A913CFB6CBEEC4D08CF258B8B07D00E2.e.88")&gt;</var>
<status status="PASS" start="2025-04-21T21:43:00.589545" elapsed="0.018127"/>
</iter>
<iter>
<kw name="Get Text" owner="SeleniumLibrary">
<msg time="2025-04-21T21:43:00.607672" level="INFO">${name} = </msg>
<var>${name}</var>
<arg>${element}</arg>
<doc>Returns the text value of the element identified by ``locator``.</doc>
<status status="PASS" start="2025-04-21T21:43:00.607672" elapsed="0.000000"/>
</kw>
<kw name="Append To List" owner="Collections">
<arg>${list_title}</arg>
<arg>${name}</arg>
<doc>Adds ``values`` to the end of ``list``.</doc>
<status status="PASS" start="2025-04-21T21:43:00.607672" elapsed="0.000000"/>
</kw>
<var name="${element}">&lt;selenium.webdriver.remote.webelement.WebElement (session="04483a315bbfd2b38b2e4ce9f260fb54", element="f.41E45C7752B6D43A4D49820AFB0D90D2.d.A913CFB6CBEEC4D08CF258B8B07D00E2.e.89")&gt;</var>
<status status="PASS" start="2025-04-21T21:43:00.607672" elapsed="0.000000"/>
</iter>
<iter>
<kw name="Get Text" owner="SeleniumLibrary">
<msg time="2025-04-21T21:43:00.620758" level="INFO">${name} = </msg>
<var>${name}</var>
<arg>${element}</arg>
<doc>Returns the text value of the element identified by ``locator``.</doc>
<status status="PASS" start="2025-04-21T21:43:00.607672" elapsed="0.013086"/>
</kw>
<kw name="Append To List" owner="Collections">
<arg>${list_title}</arg>
<arg>${name}</arg>
<doc>Adds ``values`` to the end of ``list``.</doc>
<status status="PASS" start="2025-04-21T21:43:00.620758" elapsed="0.000000"/>
</kw>
<var name="${element}">&lt;selenium.webdriver.remote.webelement.WebElement (session="04483a315bbfd2b38b2e4ce9f260fb54", element="f.41E45C7752B6D43A4D49820AFB0D90D2.d.A913CFB6CBEEC4D08CF258B8B07D00E2.e.90")&gt;</var>
<status status="PASS" start="2025-04-21T21:43:00.607672" elapsed="0.013086"/>
</iter>
<iter>
<kw name="Get Text" owner="SeleniumLibrary">
<msg time="2025-04-21T21:43:00.620758" level="INFO">${name} = </msg>
<var>${name}</var>
<arg>${element}</arg>
<doc>Returns the text value of the element identified by ``locator``.</doc>
<status status="PASS" start="2025-04-21T21:43:00.620758" elapsed="0.000000"/>
</kw>
<kw name="Append To List" owner="Collections">
<arg>${list_title}</arg>
<arg>${name}</arg>
<doc>Adds ``values`` to the end of ``list``.</doc>
<status status="PASS" start="2025-04-21T21:43:00.620758" elapsed="0.000000"/>
</kw>
<var name="${element}">&lt;selenium.webdriver.remote.webelement.WebElement (session="04483a315bbfd2b38b2e4ce9f260fb54", element="f.41E45C7752B6D43A4D49820AFB0D90D2.d.A913CFB6CBEEC4D08CF258B8B07D00E2.e.91")&gt;</var>
<status status="PASS" start="2025-04-21T21:43:00.620758" elapsed="0.000000"/>
</iter>
<iter>
<kw name="Get Text" owner="SeleniumLibrary">
<msg time="2025-04-21T21:43:00.638087" level="INFO">${name} = </msg>
<var>${name}</var>
<arg>${element}</arg>
<doc>Returns the text value of the element identified by ``locator``.</doc>
<status status="PASS" start="2025-04-21T21:43:00.620758" elapsed="0.017329"/>
</kw>
<kw name="Append To List" owner="Collections">
<arg>${list_title}</arg>
<arg>${name}</arg>
<doc>Adds ``values`` to the end of ``list``.</doc>
<status status="PASS" start="2025-04-21T21:43:00.638087" elapsed="0.000000"/>
</kw>
<var name="${element}">&lt;selenium.webdriver.remote.webelement.WebElement (session="04483a315bbfd2b38b2e4ce9f260fb54", element="f.41E45C7752B6D43A4D49820AFB0D90D2.d.A913CFB6CBEEC4D08CF258B8B07D00E2.e.92")&gt;</var>
<status status="PASS" start="2025-04-21T21:43:00.620758" elapsed="0.017329"/>
</iter>
<iter>
<kw name="Get Text" owner="SeleniumLibrary">
<msg time="2025-04-21T21:43:00.658401" level="INFO">${name} = </msg>
<var>${name}</var>
<arg>${element}</arg>
<doc>Returns the text value of the element identified by ``locator``.</doc>
<status status="PASS" start="2025-04-21T21:43:00.638087" elapsed="0.020314"/>
</kw>
<kw name="Append To List" owner="Collections">
<arg>${list_title}</arg>
<arg>${name}</arg>
<doc>Adds ``values`` to the end of ``list``.</doc>
<status status="PASS" start="2025-04-21T21:43:00.658401" elapsed="0.000000"/>
</kw>
<var name="${element}">&lt;selenium.webdriver.remote.webelement.WebElement (session="04483a315bbfd2b38b2e4ce9f260fb54", element="f.41E45C7752B6D43A4D49820AFB0D90D2.d.A913CFB6CBEEC4D08CF258B8B07D00E2.e.93")&gt;</var>
<status status="PASS" start="2025-04-21T21:43:00.638087" elapsed="0.020314"/>
</iter>
<iter>
<kw name="Get Text" owner="SeleniumLibrary">
<msg time="2025-04-21T21:43:00.660441" level="INFO">${name} = </msg>
<var>${name}</var>
<arg>${element}</arg>
<doc>Returns the text value of the element identified by ``locator``.</doc>
<status status="PASS" start="2025-04-21T21:43:00.658401" elapsed="0.002040"/>
</kw>
<kw name="Append To List" owner="Collections">
<arg>${list_title}</arg>
<arg>${name}</arg>
<doc>Adds ``values`` to the end of ``list``.</doc>
<status status="PASS" start="2025-04-21T21:43:00.660441" elapsed="0.000000"/>
</kw>
<var name="${element}">&lt;selenium.webdriver.remote.webelement.WebElement (session="04483a315bbfd2b38b2e4ce9f260fb54", element="f.41E45C7752B6D43A4D49820AFB0D90D2.d.A913CFB6CBEEC4D08CF258B8B07D00E2.e.94")&gt;</var>
<status status="PASS" start="2025-04-21T21:43:00.658401" elapsed="0.002040"/>
</iter>
<iter>
<kw name="Get Text" owner="SeleniumLibrary">
<msg time="2025-04-21T21:43:00.673999" level="INFO">${name} = </msg>
<var>${name}</var>
<arg>${element}</arg>
<doc>Returns the text value of the element identified by ``locator``.</doc>
<status status="PASS" start="2025-04-21T21:43:00.660441" elapsed="0.013558"/>
</kw>
<kw name="Append To List" owner="Collections">
<arg>${list_title}</arg>
<arg>${name}</arg>
<doc>Adds ``values`` to the end of ``list``.</doc>
<status status="PASS" start="2025-04-21T21:43:00.673999" elapsed="0.000000"/>
</kw>
<var name="${element}">&lt;selenium.webdriver.remote.webelement.WebElement (session="04483a315bbfd2b38b2e4ce9f260fb54", element="f.41E45C7752B6D43A4D49820AFB0D90D2.d.A913CFB6CBEEC4D08CF258B8B07D00E2.e.39")&gt;</var>
<status status="PASS" start="2025-04-21T21:43:00.660441" elapsed="0.013558"/>
</iter>
<iter>
<kw name="Get Text" owner="SeleniumLibrary">
<msg time="2025-04-21T21:43:00.692130" level="INFO">${name} = </msg>
<var>${name}</var>
<arg>${element}</arg>
<doc>Returns the text value of the element identified by ``locator``.</doc>
<status status="PASS" start="2025-04-21T21:43:00.673999" elapsed="0.018131"/>
</kw>
<kw name="Append To List" owner="Collections">
<arg>${list_title}</arg>
<arg>${name}</arg>
<doc>Adds ``values`` to the end of ``list``.</doc>
<status status="PASS" start="2025-04-21T21:43:00.692130" elapsed="0.000000"/>
</kw>
<var name="${element}">&lt;selenium.webdriver.remote.webelement.WebElement (session="04483a315bbfd2b38b2e4ce9f260fb54", element="f.41E45C7752B6D43A4D49820AFB0D90D2.d.A913CFB6CBEEC4D08CF258B8B07D00E2.e.95")&gt;</var>
<status status="PASS" start="2025-04-21T21:43:00.673999" elapsed="0.018131"/>
</iter>
<iter>
<kw name="Get Text" owner="SeleniumLibrary">
<msg time="2025-04-21T21:43:00.692130" level="INFO">${name} = </msg>
<var>${name}</var>
<arg>${element}</arg>
<doc>Returns the text value of the element identified by ``locator``.</doc>
<status status="PASS" start="2025-04-21T21:43:00.692130" elapsed="0.000000"/>
</kw>
<kw name="Append To List" owner="Collections">
<arg>${list_title}</arg>
<arg>${name}</arg>
<doc>Adds ``values`` to the end of ``list``.</doc>
<status status="PASS" start="2025-04-21T21:43:00.692130" elapsed="0.000000"/>
</kw>
<var name="${element}">&lt;selenium.webdriver.remote.webelement.WebElement (session="04483a315bbfd2b38b2e4ce9f260fb54", element="f.41E45C7752B6D43A4D49820AFB0D90D2.d.A913CFB6CBEEC4D08CF258B8B07D00E2.e.96")&gt;</var>
<status status="PASS" start="2025-04-21T21:43:00.692130" elapsed="0.000000"/>
</iter>
<iter>
<kw name="Get Text" owner="SeleniumLibrary">
<msg time="2025-04-21T21:43:00.708179" level="INFO">${name} = </msg>
<var>${name}</var>
<arg>${element}</arg>
<doc>Returns the text value of the element identified by ``locator``.</doc>
<status status="PASS" start="2025-04-21T21:43:00.692130" elapsed="0.016049"/>
</kw>
<kw name="Append To List" owner="Collections">
<arg>${list_title}</arg>
<arg>${name}</arg>
<doc>Adds ``values`` to the end of ``list``.</doc>
<status status="PASS" start="2025-04-21T21:43:00.708179" elapsed="0.000000"/>
</kw>
<var name="${element}">&lt;selenium.webdriver.remote.webelement.WebElement (session="04483a315bbfd2b38b2e4ce9f260fb54", element="f.41E45C7752B6D43A4D49820AFB0D90D2.d.A913CFB6CBEEC4D08CF258B8B07D00E2.e.97")&gt;</var>
<status status="PASS" start="2025-04-21T21:43:00.692130" elapsed="0.016049"/>
</iter>
<iter>
<kw name="Get Text" owner="SeleniumLibrary">
<msg time="2025-04-21T21:43:00.708179" level="INFO">${name} = </msg>
<var>${name}</var>
<arg>${element}</arg>
<doc>Returns the text value of the element identified by ``locator``.</doc>
<status status="PASS" start="2025-04-21T21:43:00.708179" elapsed="0.000000"/>
</kw>
<kw name="Append To List" owner="Collections">
<arg>${list_title}</arg>
<arg>${name}</arg>
<doc>Adds ``values`` to the end of ``list``.</doc>
<status status="PASS" start="2025-04-21T21:43:00.708179" elapsed="0.000000"/>
</kw>
<var name="${element}">&lt;selenium.webdriver.remote.webelement.WebElement (session="04483a315bbfd2b38b2e4ce9f260fb54", element="f.41E45C7752B6D43A4D49820AFB0D90D2.d.A913CFB6CBEEC4D08CF258B8B07D00E2.e.98")&gt;</var>
<status status="PASS" start="2025-04-21T21:43:00.708179" elapsed="0.000000"/>
</iter>
<iter>
<kw name="Get Text" owner="SeleniumLibrary">
<msg time="2025-04-21T21:43:00.722086" level="INFO">${name} = </msg>
<var>${name}</var>
<arg>${element}</arg>
<doc>Returns the text value of the element identified by ``locator``.</doc>
<status status="PASS" start="2025-04-21T21:43:00.708179" elapsed="0.013907"/>
</kw>
<kw name="Append To List" owner="Collections">
<arg>${list_title}</arg>
<arg>${name}</arg>
<doc>Adds ``values`` to the end of ``list``.</doc>
<status status="PASS" start="2025-04-21T21:43:00.722086" elapsed="0.000000"/>
</kw>
<var name="${element}">&lt;selenium.webdriver.remote.webelement.WebElement (session="04483a315bbfd2b38b2e4ce9f260fb54", element="f.41E45C7752B6D43A4D49820AFB0D90D2.d.A913CFB6CBEEC4D08CF258B8B07D00E2.e.99")&gt;</var>
<status status="PASS" start="2025-04-21T21:43:00.708179" elapsed="0.013907"/>
</iter>
<iter>
<kw name="Get Text" owner="SeleniumLibrary">
<msg time="2025-04-21T21:43:00.722086" level="INFO">${name} = </msg>
<var>${name}</var>
<arg>${element}</arg>
<doc>Returns the text value of the element identified by ``locator``.</doc>
<status status="PASS" start="2025-04-21T21:43:00.722086" elapsed="0.000000"/>
</kw>
<kw name="Append To List" owner="Collections">
<arg>${list_title}</arg>
<arg>${name}</arg>
<doc>Adds ``values`` to the end of ``list``.</doc>
<status status="PASS" start="2025-04-21T21:43:00.722086" elapsed="0.000000"/>
</kw>
<var name="${element}">&lt;selenium.webdriver.remote.webelement.WebElement (session="04483a315bbfd2b38b2e4ce9f260fb54", element="f.41E45C7752B6D43A4D49820AFB0D90D2.d.A913CFB6CBEEC4D08CF258B8B07D00E2.e.100")&gt;</var>
<status status="PASS" start="2025-04-21T21:43:00.722086" elapsed="0.000000"/>
</iter>
<iter>
<kw name="Get Text" owner="SeleniumLibrary">
<msg time="2025-04-21T21:43:00.722086" level="INFO">${name} = </msg>
<var>${name}</var>
<arg>${element}</arg>
<doc>Returns the text value of the element identified by ``locator``.</doc>
<status status="PASS" start="2025-04-21T21:43:00.722086" elapsed="0.000000"/>
</kw>
<kw name="Append To List" owner="Collections">
<arg>${list_title}</arg>
<arg>${name}</arg>
<doc>Adds ``values`` to the end of ``list``.</doc>
<status status="PASS" start="2025-04-21T21:43:00.722086" elapsed="0.000000"/>
</kw>
<var name="${element}">&lt;selenium.webdriver.remote.webelement.WebElement (session="04483a315bbfd2b38b2e4ce9f260fb54", element="f.41E45C7752B6D43A4D49820AFB0D90D2.d.A913CFB6CBEEC4D08CF258B8B07D00E2.e.101")&gt;</var>
<status status="PASS" start="2025-04-21T21:43:00.722086" elapsed="0.000000"/>
</iter>
<iter>
<kw name="Get Text" owner="SeleniumLibrary">
<msg time="2025-04-21T21:43:00.741722" level="INFO">${name} = </msg>
<var>${name}</var>
<arg>${element}</arg>
<doc>Returns the text value of the element identified by ``locator``.</doc>
<status status="PASS" start="2025-04-21T21:43:00.722086" elapsed="0.019636"/>
</kw>
<kw name="Append To List" owner="Collections">
<arg>${list_title}</arg>
<arg>${name}</arg>
<doc>Adds ``values`` to the end of ``list``.</doc>
<status status="PASS" start="2025-04-21T21:43:00.741722" elapsed="0.000000"/>
</kw>
<var name="${element}">&lt;selenium.webdriver.remote.webelement.WebElement (session="04483a315bbfd2b38b2e4ce9f260fb54", element="f.41E45C7752B6D43A4D49820AFB0D90D2.d.A913CFB6CBEEC4D08CF258B8B07D00E2.e.102")&gt;</var>
<status status="PASS" start="2025-04-21T21:43:00.722086" elapsed="0.019636"/>
</iter>
<iter>
<kw name="Get Text" owner="SeleniumLibrary">
<msg time="2025-04-21T21:43:00.741722" level="INFO">${name} = </msg>
<var>${name}</var>
<arg>${element}</arg>
<doc>Returns the text value of the element identified by ``locator``.</doc>
<status status="PASS" start="2025-04-21T21:43:00.741722" elapsed="0.000000"/>
</kw>
<kw name="Append To List" owner="Collections">
<arg>${list_title}</arg>
<arg>${name}</arg>
<doc>Adds ``values`` to the end of ``list``.</doc>
<status status="PASS" start="2025-04-21T21:43:00.741722" elapsed="0.000000"/>
</kw>
<var name="${element}">&lt;selenium.webdriver.remote.webelement.WebElement (session="04483a315bbfd2b38b2e4ce9f260fb54", element="f.41E45C7752B6D43A4D49820AFB0D90D2.d.A913CFB6CBEEC4D08CF258B8B07D00E2.e.103")&gt;</var>
<status status="PASS" start="2025-04-21T21:43:00.741722" elapsed="0.000000"/>
</iter>
<iter>
<kw name="Get Text" owner="SeleniumLibrary">
<msg time="2025-04-21T21:43:00.755799" level="INFO">${name} = </msg>
<var>${name}</var>
<arg>${element}</arg>
<doc>Returns the text value of the element identified by ``locator``.</doc>
<status status="PASS" start="2025-04-21T21:43:00.741722" elapsed="0.014077"/>
</kw>
<kw name="Append To List" owner="Collections">
<arg>${list_title}</arg>
<arg>${name}</arg>
<doc>Adds ``values`` to the end of ``list``.</doc>
<status status="PASS" start="2025-04-21T21:43:00.760598" elapsed="0.000000"/>
</kw>
<var name="${element}">&lt;selenium.webdriver.remote.webelement.WebElement (session="04483a315bbfd2b38b2e4ce9f260fb54", element="f.41E45C7752B6D43A4D49820AFB0D90D2.d.A913CFB6CBEEC4D08CF258B8B07D00E2.e.104")&gt;</var>
<status status="PASS" start="2025-04-21T21:43:00.741722" elapsed="0.018876"/>
</iter>
<iter>
<kw name="Get Text" owner="SeleniumLibrary">
<msg time="2025-04-21T21:43:00.760598" level="INFO">${name} = Sign In</msg>
<var>${name}</var>
<arg>${element}</arg>
<doc>Returns the text value of the element identified by ``locator``.</doc>
<status status="PASS" start="2025-04-21T21:43:00.760598" elapsed="0.000000"/>
</kw>
<kw name="Append To List" owner="Collections">
<arg>${list_title}</arg>
<arg>${name}</arg>
<doc>Adds ``values`` to the end of ``list``.</doc>
<status status="PASS" start="2025-04-21T21:43:00.760598" elapsed="0.000000"/>
</kw>
<var name="${element}">&lt;selenium.webdriver.remote.webelement.WebElement (session="04483a315bbfd2b38b2e4ce9f260fb54", element="f.41E45C7752B6D43A4D49820AFB0D90D2.d.A913CFB6CBEEC4D08CF258B8B07D00E2.e.105")&gt;</var>
<status status="PASS" start="2025-04-21T21:43:00.760598" elapsed="0.000000"/>
</iter>
<iter>
<kw name="Get Text" owner="SeleniumLibrary">
<msg time="2025-04-21T21:43:00.773325" level="INFO">${name} = </msg>
<var>${name}</var>
<arg>${element}</arg>
<doc>Returns the text value of the element identified by ``locator``.</doc>
<status status="PASS" start="2025-04-21T21:43:00.760598" elapsed="0.012727"/>
</kw>
<kw name="Append To List" owner="Collections">
<arg>${list_title}</arg>
<arg>${name}</arg>
<doc>Adds ``values`` to the end of ``list``.</doc>
<status status="PASS" start="2025-04-21T21:43:00.773325" elapsed="0.000000"/>
</kw>
<var name="${element}">&lt;selenium.webdriver.remote.webelement.WebElement (session="04483a315bbfd2b38b2e4ce9f260fb54", element="f.41E45C7752B6D43A4D49820AFB0D90D2.d.A913CFB6CBEEC4D08CF258B8B07D00E2.e.106")&gt;</var>
<status status="PASS" start="2025-04-21T21:43:00.760598" elapsed="0.012727"/>
</iter>
<iter>
<kw name="Get Text" owner="SeleniumLibrary">
<msg time="2025-04-21T21:43:00.773325" level="INFO">${name} = </msg>
<var>${name}</var>
<arg>${element}</arg>
<doc>Returns the text value of the element identified by ``locator``.</doc>
<status status="PASS" start="2025-04-21T21:43:00.773325" elapsed="0.000000"/>
</kw>
<kw name="Append To List" owner="Collections">
<arg>${list_title}</arg>
<arg>${name}</arg>
<doc>Adds ``values`` to the end of ``list``.</doc>
<status status="PASS" start="2025-04-21T21:43:00.773325" elapsed="0.000000"/>
</kw>
<var name="${element}">&lt;selenium.webdriver.remote.webelement.WebElement (session="04483a315bbfd2b38b2e4ce9f260fb54", element="f.41E45C7752B6D43A4D49820AFB0D90D2.d.A913CFB6CBEEC4D08CF258B8B07D00E2.e.107")&gt;</var>
<status status="PASS" start="2025-04-21T21:43:00.773325" elapsed="0.000000"/>
</iter>
<iter>
<kw name="Get Text" owner="SeleniumLibrary">
<msg time="2025-04-21T21:43:00.788669" level="INFO">${name} = Crypto Daybook Americas: Bitcoin Breakout Lifts AI, Memecoins, Underscores Hedge Value</msg>
<var>${name}</var>
<arg>${element}</arg>
<doc>Returns the text value of the element identified by ``locator``.</doc>
<status status="PASS" start="2025-04-21T21:43:00.773325" elapsed="0.015344"/>
</kw>
<kw name="Append To List" owner="Collections">
<arg>${list_title}</arg>
<arg>${name}</arg>
<doc>Adds ``values`` to the end of ``list``.</doc>
<status status="PASS" start="2025-04-21T21:43:00.790086" elapsed="0.000000"/>
</kw>
<var name="${element}">&lt;selenium.webdriver.remote.webelement.WebElement (session="04483a315bbfd2b38b2e4ce9f260fb54", element="f.41E45C7752B6D43A4D49820AFB0D90D2.d.A913CFB6CBEEC4D08CF258B8B07D00E2.e.108")&gt;</var>
<status status="PASS" start="2025-04-21T21:43:00.773325" elapsed="0.016761"/>
</iter>
<iter>
<kw name="Get Text" owner="SeleniumLibrary">
<msg time="2025-04-21T21:43:00.790086" level="INFO">${name} = OMKAR GODBOLE</msg>
<var>${name}</var>
<arg>${element}</arg>
<doc>Returns the text value of the element identified by ``locator``.</doc>
<status status="PASS" start="2025-04-21T21:43:00.790086" elapsed="0.000000"/>
</kw>
<kw name="Append To List" owner="Collections">
<arg>${list_title}</arg>
<arg>${name}</arg>
<doc>Adds ``values`` to the end of ``list``.</doc>
<status status="PASS" start="2025-04-21T21:43:00.790086" elapsed="0.000000"/>
</kw>
<var name="${element}">&lt;selenium.webdriver.remote.webelement.WebElement (session="04483a315bbfd2b38b2e4ce9f260fb54", element="f.41E45C7752B6D43A4D49820AFB0D90D2.d.A913CFB6CBEEC4D08CF258B8B07D00E2.e.109")&gt;</var>
<status status="PASS" start="2025-04-21T21:43:00.790086" elapsed="0.000000"/>
</iter>
<iter>
<kw name="Get Text" owner="SeleniumLibrary">
<msg time="2025-04-21T21:43:00.803740" level="INFO">${name} = SHAURYA MALWA</msg>
<var>${name}</var>
<arg>${element}</arg>
<doc>Returns the text value of the element identified by ``locator``.</doc>
<status status="PASS" start="2025-04-21T21:43:00.790086" elapsed="0.013654"/>
</kw>
<kw name="Append To List" owner="Collections">
<arg>${list_title}</arg>
<arg>${name}</arg>
<doc>Adds ``values`` to the end of ``list``.</doc>
<status status="PASS" start="2025-04-21T21:43:00.803740" elapsed="0.000000"/>
</kw>
<var name="${element}">&lt;selenium.webdriver.remote.webelement.WebElement (session="04483a315bbfd2b38b2e4ce9f260fb54", element="f.41E45C7752B6D43A4D49820AFB0D90D2.d.A913CFB6CBEEC4D08CF258B8B07D00E2.e.110")&gt;</var>
<status status="PASS" start="2025-04-21T21:43:00.790086" elapsed="0.013654"/>
</iter>
<iter>
<kw name="Get Text" owner="SeleniumLibrary">
<msg time="2025-04-21T21:43:00.806696" level="INFO">${name} = </msg>
<var>${name}</var>
<arg>${element}</arg>
<doc>Returns the text value of the element identified by ``locator``.</doc>
<status status="PASS" start="2025-04-21T21:43:00.803740" elapsed="0.002956"/>
</kw>
<kw name="Append To List" owner="Collections">
<arg>${list_title}</arg>
<arg>${name}</arg>
<doc>Adds ``values`` to the end of ``list``.</doc>
<status status="PASS" start="2025-04-21T21:43:00.806696" elapsed="0.000000"/>
</kw>
<var name="${element}">&lt;selenium.webdriver.remote.webelement.WebElement (session="04483a315bbfd2b38b2e4ce9f260fb54", element="f.41E45C7752B6D43A4D49820AFB0D90D2.d.A913CFB6CBEEC4D08CF258B8B07D00E2.e.111")&gt;</var>
<status status="PASS" start="2025-04-21T21:43:00.803740" elapsed="0.002956"/>
</iter>
<iter>
<kw name="Get Text" owner="SeleniumLibrary">
<msg time="2025-04-21T21:43:00.806696" level="INFO">${name} = Can Bitcoin Save America?: CoinDesk Spotlight with Senator Cynthia Lummis</msg>
<var>${name}</var>
<arg>${element}</arg>
<doc>Returns the text value of the element identified by ``locator``.</doc>
<status status="PASS" start="2025-04-21T21:43:00.806696" elapsed="0.000000"/>
</kw>
<kw name="Append To List" owner="Collections">
<arg>${list_title}</arg>
<arg>${name}</arg>
<doc>Adds ``values`` to the end of ``list``.</doc>
<status status="PASS" start="2025-04-21T21:43:00.806696" elapsed="0.000000"/>
</kw>
<var name="${element}">&lt;selenium.webdriver.remote.webelement.WebElement (session="04483a315bbfd2b38b2e4ce9f260fb54", element="f.41E45C7752B6D43A4D49820AFB0D90D2.d.A913CFB6CBEEC4D08CF258B8B07D00E2.e.112")&gt;</var>
<status status="PASS" start="2025-04-21T21:43:00.806696" elapsed="0.000000"/>
</iter>
<iter>
<kw name="Get Text" owner="SeleniumLibrary">
<msg time="2025-04-21T21:43:00.822000" level="INFO">${name} = LATEST CRYPTO NEWS</msg>
<var>${name}</var>
<arg>${element}</arg>
<doc>Returns the text value of the element identified by ``locator``.</doc>
<status status="PASS" start="2025-04-21T21:43:00.806696" elapsed="0.015304"/>
</kw>
<kw name="Append To List" owner="Collections">
<arg>${list_title}</arg>
<arg>${name}</arg>
<doc>Adds ``values`` to the end of ``list``.</doc>
<status status="PASS" start="2025-04-21T21:43:00.822000" elapsed="0.000000"/>
</kw>
<var name="${element}">&lt;selenium.webdriver.remote.webelement.WebElement (session="04483a315bbfd2b38b2e4ce9f260fb54", element="f.41E45C7752B6D43A4D49820AFB0D90D2.d.A913CFB6CBEEC4D08CF258B8B07D00E2.e.113")&gt;</var>
<status status="PASS" start="2025-04-21T21:43:00.806696" elapsed="0.015304"/>
</iter>
<iter>
<kw name="Get Text" owner="SeleniumLibrary">
<msg time="2025-04-21T21:43:00.822000" level="INFO">${name} = 1 HOUR AGO
CoinDesk 20 Performance Update: NEAR Gains 11.7%, Leading Index Higher Over Weekend</msg>
<var>${name}</var>
<arg>${element}</arg>
<doc>Returns the text value of the element identified by ``locator``.</doc>
<status status="PASS" start="2025-04-21T21:43:00.822000" elapsed="0.000000"/>
</kw>
<kw name="Append To List" owner="Collections">
<arg>${list_title}</arg>
<arg>${name}</arg>
<doc>Adds ``values`` to the end of ``list``.</doc>
<status status="PASS" start="2025-04-21T21:43:00.822000" elapsed="0.000000"/>
</kw>
<var name="${element}">&lt;selenium.webdriver.remote.webelement.WebElement (session="04483a315bbfd2b38b2e4ce9f260fb54", element="f.41E45C7752B6D43A4D49820AFB0D90D2.d.A913CFB6CBEEC4D08CF258B8B07D00E2.e.114")&gt;</var>
<status status="PASS" start="2025-04-21T21:43:00.822000" elapsed="0.000000"/>
</iter>
<iter>
<kw name="Get Text" owner="SeleniumLibrary">
<msg time="2025-04-21T21:43:00.840108" level="INFO">${name} = 1 HOUR AGO
Coinbase-Backed Zora to Airdrop Token After a Week of Contentious Promotions</msg>
<var>${name}</var>
<arg>${element}</arg>
<doc>Returns the text value of the element identified by ``locator``.</doc>
<status status="PASS" start="2025-04-21T21:43:00.822000" elapsed="0.018108"/>
</kw>
<kw name="Append To List" owner="Collections">
<arg>${list_title}</arg>
<arg>${name}</arg>
<doc>Adds ``values`` to the end of ``list``.</doc>
<status status="PASS" start="2025-04-21T21:43:00.840108" elapsed="0.000000"/>
</kw>
<var name="${element}">&lt;selenium.webdriver.remote.webelement.WebElement (session="04483a315bbfd2b38b2e4ce9f260fb54", element="f.41E45C7752B6D43A4D49820AFB0D90D2.d.A913CFB6CBEEC4D08CF258B8B07D00E2.e.115")&gt;</var>
<status status="PASS" start="2025-04-21T21:43:00.822000" elapsed="0.018108"/>
</iter>
<iter>
<kw name="Get Text" owner="SeleniumLibrary">
<msg time="2025-04-21T21:43:00.840108" level="INFO">${name} = 2 HOURS AGO
Strategy Buys $555M of Bitcoin, Increases Total Stash to 538,200 BTC</msg>
<var>${name}</var>
<arg>${element}</arg>
<doc>Returns the text value of the element identified by ``locator``.</doc>
<status status="PASS" start="2025-04-21T21:43:00.840108" elapsed="0.000000"/>
</kw>
<kw name="Append To List" owner="Collections">
<arg>${list_title}</arg>
<arg>${name}</arg>
<doc>Adds ``values`` to the end of ``list``.</doc>
<status status="PASS" start="2025-04-21T21:43:00.840108" elapsed="0.000000"/>
</kw>
<var name="${element}">&lt;selenium.webdriver.remote.webelement.WebElement (session="04483a315bbfd2b38b2e4ce9f260fb54", element="f.41E45C7752B6D43A4D49820AFB0D90D2.d.A913CFB6CBEEC4D08CF258B8B07D00E2.e.116")&gt;</var>
<status status="PASS" start="2025-04-21T21:43:00.840108" elapsed="0.000000"/>
</iter>
<iter>
<kw name="Get Text" owner="SeleniumLibrary">
<msg time="2025-04-21T21:43:00.860837" level="INFO">${name} = 3 HOURS AGO
Crypto Daybook Americas: Bitcoin Breakout Lifts AI, Memecoins, Underscores Hedge Value</msg>
<var>${name}</var>
<arg>${element}</arg>
<doc>Returns the text value of the element identified by ``locator``.</doc>
<status status="PASS" start="2025-04-21T21:43:00.840108" elapsed="0.020729"/>
</kw>
<kw name="Append To List" owner="Collections">
<arg>${list_title}</arg>
<arg>${name}</arg>
<doc>Adds ``values`` to the end of ``list``.</doc>
<status status="PASS" start="2025-04-21T21:43:00.860837" elapsed="0.000000"/>
</kw>
<var name="${element}">&lt;selenium.webdriver.remote.webelement.WebElement (session="04483a315bbfd2b38b2e4ce9f260fb54", element="f.41E45C7752B6D43A4D49820AFB0D90D2.d.A913CFB6CBEEC4D08CF258B8B07D00E2.e.117")&gt;</var>
<status status="PASS" start="2025-04-21T21:43:00.840108" elapsed="0.020729"/>
</iter>
<iter>
<kw name="Get Text" owner="SeleniumLibrary">
<msg time="2025-04-21T21:43:00.869877" level="INFO">${name} = 6 HOURS AGO
Bitcoin's Breakout Signals BTC Potentially Rallying to $90K-$92K: Technical Analysis</msg>
<var>${name}</var>
<arg>${element}</arg>
<doc>Returns the text value of the element identified by ``locator``.</doc>
<status status="PASS" start="2025-04-21T21:43:00.860837" elapsed="0.009040"/>
</kw>
<kw name="Append To List" owner="Collections">
<arg>${list_title}</arg>
<arg>${name}</arg>
<doc>Adds ``values`` to the end of ``list``.</doc>
<status status="PASS" start="2025-04-21T21:43:00.869877" elapsed="0.000000"/>
</kw>
<var name="${element}">&lt;selenium.webdriver.remote.webelement.WebElement (session="04483a315bbfd2b38b2e4ce9f260fb54", element="f.41E45C7752B6D43A4D49820AFB0D90D2.d.A913CFB6CBEEC4D08CF258B8B07D00E2.e.118")&gt;</var>
<status status="PASS" start="2025-04-21T21:43:00.860837" elapsed="0.009040"/>
</iter>
<iter>
<kw name="Get Text" owner="SeleniumLibrary">
<msg time="2025-04-21T21:43:00.873955" level="INFO">${name} = 7 HOURS AGO
Stablecoin Giant Circle Is Launching a New Payments and Remittance Network</msg>
<var>${name}</var>
<arg>${element}</arg>
<doc>Returns the text value of the element identified by ``locator``.</doc>
<status status="PASS" start="2025-04-21T21:43:00.869877" elapsed="0.004078"/>
</kw>
<kw name="Append To List" owner="Collections">
<arg>${list_title}</arg>
<arg>${name}</arg>
<doc>Adds ``values`` to the end of ``list``.</doc>
<status status="PASS" start="2025-04-21T21:43:00.873955" elapsed="0.000000"/>
</kw>
<var name="${element}">&lt;selenium.webdriver.remote.webelement.WebElement (session="04483a315bbfd2b38b2e4ce9f260fb54", element="f.41E45C7752B6D43A4D49820AFB0D90D2.d.A913CFB6CBEEC4D08CF258B8B07D00E2.e.119")&gt;</var>
<status status="PASS" start="2025-04-21T21:43:00.869877" elapsed="0.004078"/>
</iter>
<iter>
<kw name="Get Text" owner="SeleniumLibrary">
<msg time="2025-04-21T21:43:00.873955" level="INFO">${name} = 7 HOURS AGO
BNB, SOL, XRP Spike Higher as Bitcoin 'Digital Gold' Narrative Makes a Comeback</msg>
<var>${name}</var>
<arg>${element}</arg>
<doc>Returns the text value of the element identified by ``locator``.</doc>
<status status="PASS" start="2025-04-21T21:43:00.873955" elapsed="0.000000"/>
</kw>
<kw name="Append To List" owner="Collections">
<arg>${list_title}</arg>
<arg>${name}</arg>
<doc>Adds ``values`` to the end of ``list``.</doc>
<status status="PASS" start="2025-04-21T21:43:00.873955" elapsed="0.000000"/>
</kw>
<var name="${element}">&lt;selenium.webdriver.remote.webelement.WebElement (session="04483a315bbfd2b38b2e4ce9f260fb54", element="f.41E45C7752B6D43A4D49820AFB0D90D2.d.A913CFB6CBEEC4D08CF258B8B07D00E2.e.120")&gt;</var>
<status status="PASS" start="2025-04-21T21:43:00.873955" elapsed="0.000000"/>
</iter>
<iter>
<kw name="Get Text" owner="SeleniumLibrary">
<msg time="2025-04-21T21:43:00.895670" level="INFO">${name} = 8 HOURS AGO
Metaplanet Buys Another 330 BTC as BTC Moves Above $87K</msg>
<var>${name}</var>
<arg>${element}</arg>
<doc>Returns the text value of the element identified by ``locator``.</doc>
<status status="PASS" start="2025-04-21T21:43:00.873955" elapsed="0.021715"/>
</kw>
<kw name="Append To List" owner="Collections">
<arg>${list_title}</arg>
<arg>${name}</arg>
<doc>Adds ``values`` to the end of ``list``.</doc>
<status status="PASS" start="2025-04-21T21:43:00.895670" elapsed="0.001230"/>
</kw>
<var name="${element}">&lt;selenium.webdriver.remote.webelement.WebElement (session="04483a315bbfd2b38b2e4ce9f260fb54", element="f.41E45C7752B6D43A4D49820AFB0D90D2.d.A913CFB6CBEEC4D08CF258B8B07D00E2.e.121")&gt;</var>
<status status="PASS" start="2025-04-21T21:43:00.873955" elapsed="0.022945"/>
</iter>
<iter>
<kw name="Get Text" owner="SeleniumLibrary">
<msg time="2025-04-21T21:43:00.903211" level="INFO">${name} = 9 HOURS AGO
Over $380M Worth of Crypto Stolen During Bybit's $1.4B Hack Has Gone Dark</msg>
<var>${name}</var>
<arg>${element}</arg>
<doc>Returns the text value of the element identified by ``locator``.</doc>
<status status="PASS" start="2025-04-21T21:43:00.896900" elapsed="0.006311"/>
</kw>
<kw name="Append To List" owner="Collections">
<arg>${list_title}</arg>
<arg>${name}</arg>
<doc>Adds ``values`` to the end of ``list``.</doc>
<status status="PASS" start="2025-04-21T21:43:00.904003" elapsed="0.000000"/>
</kw>
<var name="${element}">&lt;selenium.webdriver.remote.webelement.WebElement (session="04483a315bbfd2b38b2e4ce9f260fb54", element="f.41E45C7752B6D43A4D49820AFB0D90D2.d.A913CFB6CBEEC4D08CF258B8B07D00E2.e.122")&gt;</var>
<status status="PASS" start="2025-04-21T21:43:00.896900" elapsed="0.007103"/>
</iter>
<iter>
<kw name="Get Text" owner="SeleniumLibrary">
<msg time="2025-04-21T21:43:00.905361" level="INFO">${name} = 12 HOURS AGO
Bitcoin Pushes Past $87K, Dollar Crashes as Trump Looks to Terminate Fed’s Powell</msg>
<var>${name}</var>
<arg>${element}</arg>
<doc>Returns the text value of the element identified by ``locator``.</doc>
<status status="PASS" start="2025-04-21T21:43:00.904003" elapsed="0.001358"/>
</kw>
<kw name="Append To List" owner="Collections">
<arg>${list_title}</arg>
<arg>${name}</arg>
<doc>Adds ``values`` to the end of ``list``.</doc>
<status status="PASS" start="2025-04-21T21:43:00.905361" elapsed="0.000000"/>
</kw>
<var name="${element}">&lt;selenium.webdriver.remote.webelement.WebElement (session="04483a315bbfd2b38b2e4ce9f260fb54", element="f.41E45C7752B6D43A4D49820AFB0D90D2.d.A913CFB6CBEEC4D08CF258B8B07D00E2.e.123")&gt;</var>
<status status="PASS" start="2025-04-21T21:43:00.904003" elapsed="0.001358"/>
</iter>
<iter>
<kw name="Get Text" owner="SeleniumLibrary">
<msg time="2025-04-21T21:43:00.905361" level="INFO">${name} = 21 HOURS AGO
Chart of the Week: 'Dire Picture' for BTC Miners as Revenue Flatlines Near Record Low</msg>
<var>${name}</var>
<arg>${element}</arg>
<doc>Returns the text value of the element identified by ``locator``.</doc>
<status status="PASS" start="2025-04-21T21:43:00.905361" elapsed="0.000000"/>
</kw>
<kw name="Append To List" owner="Collections">
<arg>${list_title}</arg>
<arg>${name}</arg>
<doc>Adds ``values`` to the end of ``list``.</doc>
<status status="PASS" start="2025-04-21T21:43:00.905361" elapsed="0.013541"/>
</kw>
<var name="${element}">&lt;selenium.webdriver.remote.webelement.WebElement (session="04483a315bbfd2b38b2e4ce9f260fb54", element="f.41E45C7752B6D43A4D49820AFB0D90D2.d.A913CFB6CBEEC4D08CF258B8B07D00E2.e.124")&gt;</var>
<status status="PASS" start="2025-04-21T21:43:00.905361" elapsed="0.013541"/>
</iter>
<iter>
<kw name="Get Text" owner="SeleniumLibrary">
<msg time="2025-04-21T21:43:00.921606" level="INFO">${name} = APR 20, 2025
XRP Price Coiled for a Significant Move as Key Volatility Indicator Mirrors 2024 Patterns</msg>
<var>${name}</var>
<arg>${element}</arg>
<doc>Returns the text value of the element identified by ``locator``.</doc>
<status status="PASS" start="2025-04-21T21:43:00.918902" elapsed="0.002704"/>
</kw>
<kw name="Append To List" owner="Collections">
<arg>${list_title}</arg>
<arg>${name}</arg>
<doc>Adds ``values`` to the end of ``list``.</doc>
<status status="PASS" start="2025-04-21T21:43:00.921606" elapsed="0.000000"/>
</kw>
<var name="${element}">&lt;selenium.webdriver.remote.webelement.WebElement (session="04483a315bbfd2b38b2e4ce9f260fb54", element="f.41E45C7752B6D43A4D49820AFB0D90D2.d.A913CFB6CBEEC4D08CF258B8B07D00E2.e.125")&gt;</var>
<status status="PASS" start="2025-04-21T21:43:00.918902" elapsed="0.002704"/>
</iter>
<iter>
<kw name="Get Text" owner="SeleniumLibrary">
<msg time="2025-04-21T21:43:00.921606" level="INFO">${name} = APR 19, 2025
Trump's Official Memecoin Surges Despite Massive $320 Million Unlock in Thin Holiday Trading</msg>
<var>${name}</var>
<arg>${element}</arg>
<doc>Returns the text value of the element identified by ``locator``.</doc>
<status status="PASS" start="2025-04-21T21:43:00.921606" elapsed="0.000000"/>
</kw>
<kw name="Append To List" owner="Collections">
<arg>${list_title}</arg>
<arg>${name}</arg>
<doc>Adds ``values`` to the end of ``list``.</doc>
<status status="PASS" start="2025-04-21T21:43:00.921606" elapsed="0.013229"/>
</kw>
<var name="${element}">&lt;selenium.webdriver.remote.webelement.WebElement (session="04483a315bbfd2b38b2e4ce9f260fb54", element="f.41E45C7752B6D43A4D49820AFB0D90D2.d.A913CFB6CBEEC4D08CF258B8B07D00E2.e.126")&gt;</var>
<status status="PASS" start="2025-04-21T21:43:00.921606" elapsed="0.013229"/>
</iter>
<iter>
<kw name="Get Text" owner="SeleniumLibrary">
<msg time="2025-04-21T21:43:00.936067" level="INFO">${name} = APR 19, 2025
Slovenia Moves to Tax Crypto Profits at 25%</msg>
<var>${name}</var>
<arg>${element}</arg>
<doc>Returns the text value of the element identified by ``locator``.</doc>
<status status="PASS" start="2025-04-21T21:43:00.934835" elapsed="0.001232"/>
</kw>
<kw name="Append To List" owner="Collections">
<arg>${list_title}</arg>
<arg>${name}</arg>
<doc>Adds ``values`` to the end of ``list``.</doc>
<status status="PASS" start="2025-04-21T21:43:00.936067" elapsed="0.000000"/>
</kw>
<var name="${element}">&lt;selenium.webdriver.remote.webelement.WebElement (session="04483a315bbfd2b38b2e4ce9f260fb54", element="f.41E45C7752B6D43A4D49820AFB0D90D2.d.A913CFB6CBEEC4D08CF258B8B07D00E2.e.127")&gt;</var>
<status status="PASS" start="2025-04-21T21:43:00.934835" elapsed="0.001232"/>
</iter>
<iter>
<kw name="Get Text" owner="SeleniumLibrary">
<msg time="2025-04-21T21:43:00.936067" level="INFO">${name} = APR 19, 2025
Unpacking the DOJ's Crypto Enforcement Memo</msg>
<var>${name}</var>
<arg>${element}</arg>
<doc>Returns the text value of the element identified by ``locator``.</doc>
<status status="PASS" start="2025-04-21T21:43:00.936067" elapsed="0.000000"/>
</kw>
<kw name="Append To List" owner="Collections">
<arg>${list_title}</arg>
<arg>${name}</arg>
<doc>Adds ``values`` to the end of ``list``.</doc>
<status status="PASS" start="2025-04-21T21:43:00.936067" elapsed="0.000000"/>
</kw>
<var name="${element}">&lt;selenium.webdriver.remote.webelement.WebElement (session="04483a315bbfd2b38b2e4ce9f260fb54", element="f.41E45C7752B6D43A4D49820AFB0D90D2.d.A913CFB6CBEEC4D08CF258B8B07D00E2.e.128")&gt;</var>
<status status="PASS" start="2025-04-21T21:43:00.936067" elapsed="0.000000"/>
</iter>
<iter>
<kw name="Get Text" owner="SeleniumLibrary">
<msg time="2025-04-21T21:43:00.953839" level="INFO">${name} = APR 19, 2025
Canary Capital Files for Tron ETF With Staking Capabilities</msg>
<var>${name}</var>
<arg>${element}</arg>
<doc>Returns the text value of the element identified by ``locator``.</doc>
<status status="PASS" start="2025-04-21T21:43:00.936067" elapsed="0.017772"/>
</kw>
<kw name="Append To List" owner="Collections">
<arg>${list_title}</arg>
<arg>${name}</arg>
<doc>Adds ``values`` to the end of ``list``.</doc>
<status status="PASS" start="2025-04-21T21:43:00.953839" elapsed="0.000000"/>
</kw>
<var name="${element}">&lt;selenium.webdriver.remote.webelement.WebElement (session="04483a315bbfd2b38b2e4ce9f260fb54", element="f.41E45C7752B6D43A4D49820AFB0D90D2.d.A913CFB6CBEEC4D08CF258B8B07D00E2.e.129")&gt;</var>
<status status="PASS" start="2025-04-21T21:43:00.936067" elapsed="0.017772"/>
</iter>
<iter>
<kw name="Get Text" owner="SeleniumLibrary">
<msg time="2025-04-21T21:43:00.961020" level="INFO">${name} = APR 19, 2025
Feds Mistakenly Order Estonian HashFlare Fraudsters to Self-Deport Ahead of Sentencing</msg>
<var>${name}</var>
<arg>${element}</arg>
<doc>Returns the text value of the element identified by ``locator``.</doc>
<status status="PASS" start="2025-04-21T21:43:00.953839" elapsed="0.007181"/>
</kw>
<kw name="Append To List" owner="Collections">
<arg>${list_title}</arg>
<arg>${name}</arg>
<doc>Adds ``values`` to the end of ``list``.</doc>
<status status="PASS" start="2025-04-21T21:43:00.961020" elapsed="0.000000"/>
</kw>
<var name="${element}">&lt;selenium.webdriver.remote.webelement.WebElement (session="04483a315bbfd2b38b2e4ce9f260fb54", element="f.41E45C7752B6D43A4D49820AFB0D90D2.d.A913CFB6CBEEC4D08CF258B8B07D00E2.e.130")&gt;</var>
<status status="PASS" start="2025-04-21T21:43:00.953839" elapsed="0.007181"/>
</iter>
<iter>
<kw name="Get Text" owner="SeleniumLibrary">
<msg time="2025-04-21T21:43:00.969837" level="INFO">${name} = APR 19, 2025
CoinDesk Weekly Recap: EigenLayer, Kraken, Coinbase, AWS</msg>
<var>${name}</var>
<arg>${element}</arg>
<doc>Returns the text value of the element identified by ``locator``.</doc>
<status status="PASS" start="2025-04-21T21:43:00.961020" elapsed="0.008817"/>
</kw>
<kw name="Append To List" owner="Collections">
<arg>${list_title}</arg>
<arg>${name}</arg>
<doc>Adds ``values`` to the end of ``list``.</doc>
<status status="PASS" start="2025-04-21T21:43:00.970483" elapsed="0.000000"/>
</kw>
<var name="${element}">&lt;selenium.webdriver.remote.webelement.WebElement (session="04483a315bbfd2b38b2e4ce9f260fb54", element="f.41E45C7752B6D43A4D49820AFB0D90D2.d.A913CFB6CBEEC4D08CF258B8B07D00E2.e.131")&gt;</var>
<status status="PASS" start="2025-04-21T21:43:00.961020" elapsed="0.009463"/>
</iter>
<iter>
<kw name="Get Text" owner="SeleniumLibrary">
<msg time="2025-04-21T21:43:00.971672" level="INFO">${name} = APR 18, 2025
The Case for User-Owned AI</msg>
<var>${name}</var>
<arg>${element}</arg>
<doc>Returns the text value of the element identified by ``locator``.</doc>
<status status="PASS" start="2025-04-21T21:43:00.970483" elapsed="0.001189"/>
</kw>
<kw name="Append To List" owner="Collections">
<arg>${list_title}</arg>
<arg>${name}</arg>
<doc>Adds ``values`` to the end of ``list``.</doc>
<status status="PASS" start="2025-04-21T21:43:00.971672" elapsed="0.000000"/>
</kw>
<var name="${element}">&lt;selenium.webdriver.remote.webelement.WebElement (session="04483a315bbfd2b38b2e4ce9f260fb54", element="f.41E45C7752B6D43A4D49820AFB0D90D2.d.A913CFB6CBEEC4D08CF258B8B07D00E2.e.132")&gt;</var>
<status status="PASS" start="2025-04-21T21:43:00.970483" elapsed="0.001189"/>
</iter>
<iter>
<kw name="Get Text" owner="SeleniumLibrary">
<msg time="2025-04-21T21:43:00.971672" level="INFO">${name} = APR 18, 2025
Crypto Exchange Kraken Launches FX Perpetual Futures, Offers 24/7 Trading in Forex Majors</msg>
<var>${name}</var>
<arg>${element}</arg>
<doc>Returns the text value of the element identified by ``locator``.</doc>
<status status="PASS" start="2025-04-21T21:43:00.971672" elapsed="0.000000"/>
</kw>
<kw name="Append To List" owner="Collections">
<arg>${list_title}</arg>
<arg>${name}</arg>
<doc>Adds ``values`` to the end of ``list``.</doc>
<status status="PASS" start="2025-04-21T21:43:00.971672" elapsed="0.000000"/>
</kw>
<var name="${element}">&lt;selenium.webdriver.remote.webelement.WebElement (session="04483a315bbfd2b38b2e4ce9f260fb54", element="f.41E45C7752B6D43A4D49820AFB0D90D2.d.A913CFB6CBEEC4D08CF258B8B07D00E2.e.133")&gt;</var>
<status status="PASS" start="2025-04-21T21:43:00.971672" elapsed="0.000000"/>
</iter>
<iter>
<kw name="Get Text" owner="SeleniumLibrary">
<msg time="2025-04-21T21:43:00.989227" level="INFO">${name} = DEX+ by MEXC: Building the Easiest Way to Trade On-Chain Assets</msg>
<var>${name}</var>
<arg>${element}</arg>
<doc>Returns the text value of the element identified by ``locator``.</doc>
<status status="PASS" start="2025-04-21T21:43:00.971672" elapsed="0.017555"/>
</kw>
<kw name="Append To List" owner="Collections">
<arg>${list_title}</arg>
<arg>${name}</arg>
<doc>Adds ``values`` to the end of ``list``.</doc>
<status status="PASS" start="2025-04-21T21:43:00.989227" elapsed="0.000000"/>
</kw>
<var name="${element}">&lt;selenium.webdriver.remote.webelement.WebElement (session="04483a315bbfd2b38b2e4ce9f260fb54", element="f.41E45C7752B6D43A4D49820AFB0D90D2.d.A913CFB6CBEEC4D08CF258B8B07D00E2.e.134")&gt;</var>
<status status="PASS" start="2025-04-21T21:43:00.971672" elapsed="0.017555"/>
</iter>
<iter>
<kw name="Get Text" owner="SeleniumLibrary">
<msg time="2025-04-21T21:43:00.989227" level="INFO">${name} = MEXC</msg>
<var>${name}</var>
<arg>${element}</arg>
<doc>Returns the text value of the element identified by ``locator``.</doc>
<status status="PASS" start="2025-04-21T21:43:00.989227" elapsed="0.000000"/>
</kw>
<kw name="Append To List" owner="Collections">
<arg>${list_title}</arg>
<arg>${name}</arg>
<doc>Adds ``values`` to the end of ``list``.</doc>
<status status="PASS" start="2025-04-21T21:43:00.989227" elapsed="0.000000"/>
</kw>
<var name="${element}">&lt;selenium.webdriver.remote.webelement.WebElement (session="04483a315bbfd2b38b2e4ce9f260fb54", element="f.41E45C7752B6D43A4D49820AFB0D90D2.d.A913CFB6CBEEC4D08CF258B8B07D00E2.e.135")&gt;</var>
<status status="PASS" start="2025-04-21T21:43:00.989227" elapsed="0.000000"/>
</iter>
<iter>
<kw name="Get Text" owner="SeleniumLibrary">
<msg time="2025-04-21T21:43:01.002251" level="INFO">${name} = </msg>
<var>${name}</var>
<arg>${element}</arg>
<doc>Returns the text value of the element identified by ``locator``.</doc>
<status status="PASS" start="2025-04-21T21:43:00.989227" elapsed="0.013024"/>
</kw>
<kw name="Append To List" owner="Collections">
<arg>${list_title}</arg>
<arg>${name}</arg>
<doc>Adds ``values`` to the end of ``list``.</doc>
<status status="PASS" start="2025-04-21T21:43:01.002251" elapsed="0.000000"/>
</kw>
<var name="${element}">&lt;selenium.webdriver.remote.webelement.WebElement (session="04483a315bbfd2b38b2e4ce9f260fb54", element="f.41E45C7752B6D43A4D49820AFB0D90D2.d.A913CFB6CBEEC4D08CF258B8B07D00E2.e.136")&gt;</var>
<status status="PASS" start="2025-04-21T21:43:00.989227" elapsed="0.013024"/>
</iter>
<iter>
<kw name="Get Text" owner="SeleniumLibrary">
<msg time="2025-04-21T21:43:01.002251" level="INFO">${name} = Over $380M Worth of Crypto Stolen During Bybit's $1.4B Hack Has Gone Dark</msg>
<var>${name}</var>
<arg>${element}</arg>
<doc>Returns the text value of the element identified by ``locator``.</doc>
<status status="PASS" start="2025-04-21T21:43:01.002251" elapsed="0.000000"/>
</kw>
<kw name="Append To List" owner="Collections">
<arg>${list_title}</arg>
<arg>${name}</arg>
<doc>Adds ``values`` to the end of ``list``.</doc>
<status status="PASS" start="2025-04-21T21:43:01.002251" elapsed="0.000000"/>
</kw>
<var name="${element}">&lt;selenium.webdriver.remote.webelement.WebElement (session="04483a315bbfd2b38b2e4ce9f260fb54", element="f.41E45C7752B6D43A4D49820AFB0D90D2.d.A913CFB6CBEEC4D08CF258B8B07D00E2.e.137")&gt;</var>
<status status="PASS" start="2025-04-21T21:43:01.002251" elapsed="0.000000"/>
</iter>
<iter>
<kw name="Get Text" owner="SeleniumLibrary">
<msg time="2025-04-21T21:43:01.019925" level="INFO">${name} = Metaplanet Buys Another 330 BTC as BTC Moves Above $87K</msg>
<var>${name}</var>
<arg>${element}</arg>
<doc>Returns the text value of the element identified by ``locator``.</doc>
<status status="PASS" start="2025-04-21T21:43:01.002251" elapsed="0.017674"/>
</kw>
<kw name="Append To List" owner="Collections">
<arg>${list_title}</arg>
<arg>${name}</arg>
<doc>Adds ``values`` to the end of ``list``.</doc>
<status status="PASS" start="2025-04-21T21:43:01.019925" elapsed="0.000000"/>
</kw>
<var name="${element}">&lt;selenium.webdriver.remote.webelement.WebElement (session="04483a315bbfd2b38b2e4ce9f260fb54", element="f.41E45C7752B6D43A4D49820AFB0D90D2.d.A913CFB6CBEEC4D08CF258B8B07D00E2.e.138")&gt;</var>
<status status="PASS" start="2025-04-21T21:43:01.002251" elapsed="0.017674"/>
</iter>
<iter>
<kw name="Get Text" owner="SeleniumLibrary">
<msg time="2025-04-21T21:43:01.019925" level="INFO">${name} = Strategy Buys $555M of Bitcoin, Increases Total Stash to 538,200 BTC</msg>
<var>${name}</var>
<arg>${element}</arg>
<doc>Returns the text value of the element identified by ``locator``.</doc>
<status status="PASS" start="2025-04-21T21:43:01.019925" elapsed="0.000000"/>
</kw>
<kw name="Append To List" owner="Collections">
<arg>${list_title}</arg>
<arg>${name}</arg>
<doc>Adds ``values`` to the end of ``list``.</doc>
<status status="PASS" start="2025-04-21T21:43:01.019925" elapsed="0.000000"/>
</kw>
<var name="${element}">&lt;selenium.webdriver.remote.webelement.WebElement (session="04483a315bbfd2b38b2e4ce9f260fb54", element="f.41E45C7752B6D43A4D49820AFB0D90D2.d.A913CFB6CBEEC4D08CF258B8B07D00E2.e.139")&gt;</var>
<status status="PASS" start="2025-04-21T21:43:01.019925" elapsed="0.000000"/>
</iter>
<iter>
<kw name="Get Text" owner="SeleniumLibrary">
<msg time="2025-04-21T21:43:01.019925" level="INFO">${name} = </msg>
<var>${name}</var>
<arg>${element}</arg>
<doc>Returns the text value of the element identified by ``locator``.</doc>
<status status="PASS" start="2025-04-21T21:43:01.019925" elapsed="0.000000"/>
</kw>
<kw name="Append To List" owner="Collections">
<arg>${list_title}</arg>
<arg>${name}</arg>
<doc>Adds ``values`` to the end of ``list``.</doc>
<status status="PASS" start="2025-04-21T21:43:01.019925" elapsed="0.000000"/>
</kw>
<var name="${element}">&lt;selenium.webdriver.remote.webelement.WebElement (session="04483a315bbfd2b38b2e4ce9f260fb54", element="f.41E45C7752B6D43A4D49820AFB0D90D2.d.A913CFB6CBEEC4D08CF258B8B07D00E2.e.140")&gt;</var>
<status status="PASS" start="2025-04-21T21:43:01.019925" elapsed="0.000000"/>
</iter>
<iter>
<kw name="Get Text" owner="SeleniumLibrary">
<msg time="2025-04-21T21:43:01.034230" level="INFO">${name} = Stablecoin Giant Circle Is Launching a New Payments and Remittance Network</msg>
<var>${name}</var>
<arg>${element}</arg>
<doc>Returns the text value of the element identified by ``locator``.</doc>
<status status="PASS" start="2025-04-21T21:43:01.019925" elapsed="0.014305"/>
</kw>
<kw name="Append To List" owner="Collections">
<arg>${list_title}</arg>
<arg>${name}</arg>
<doc>Adds ``values`` to the end of ``list``.</doc>
<status status="PASS" start="2025-04-21T21:43:01.034230" elapsed="0.000000"/>
</kw>
<var name="${element}">&lt;selenium.webdriver.remote.webelement.WebElement (session="04483a315bbfd2b38b2e4ce9f260fb54", element="f.41E45C7752B6D43A4D49820AFB0D90D2.d.A913CFB6CBEEC4D08CF258B8B07D00E2.e.141")&gt;</var>
<status status="PASS" start="2025-04-21T21:43:01.019925" elapsed="0.014305"/>
</iter>
<iter>
<kw name="Get Text" owner="SeleniumLibrary">
<msg time="2025-04-21T21:43:01.034230" level="INFO">${name} = Bitcoin Pushes Past $87K, Dollar Crashes as Trump Looks to Terminate Fed’s Powell</msg>
<var>${name}</var>
<arg>${element}</arg>
<doc>Returns the text value of the element identified by ``locator``.</doc>
<status status="PASS" start="2025-04-21T21:43:01.034230" elapsed="0.000000"/>
</kw>
<kw name="Append To List" owner="Collections">
<arg>${list_title}</arg>
<arg>${name}</arg>
<doc>Adds ``values`` to the end of ``list``.</doc>
<status status="PASS" start="2025-04-21T21:43:01.034230" elapsed="0.000000"/>
</kw>
<var name="${element}">&lt;selenium.webdriver.remote.webelement.WebElement (session="04483a315bbfd2b38b2e4ce9f260fb54", element="f.41E45C7752B6D43A4D49820AFB0D90D2.d.A913CFB6CBEEC4D08CF258B8B07D00E2.e.142")&gt;</var>
<status status="PASS" start="2025-04-21T21:43:01.034230" elapsed="0.000000"/>
</iter>
<iter>
<kw name="Get Text" owner="SeleniumLibrary">
<msg time="2025-04-21T21:43:01.053850" level="INFO">${name} = BNB, SOL, XRP Spike Higher as Bitcoin 'Digital Gold' Narrative Makes a Comeback</msg>
<var>${name}</var>
<arg>${element}</arg>
<doc>Returns the text value of the element identified by ``locator``.</doc>
<status status="PASS" start="2025-04-21T21:43:01.034230" elapsed="0.019620"/>
</kw>
<kw name="Append To List" owner="Collections">
<arg>${list_title}</arg>
<arg>${name}</arg>
<doc>Adds ``values`` to the end of ``list``.</doc>
<status status="PASS" start="2025-04-21T21:43:01.053850" elapsed="0.000000"/>
</kw>
<var name="${element}">&lt;selenium.webdriver.remote.webelement.WebElement (session="04483a315bbfd2b38b2e4ce9f260fb54", element="f.41E45C7752B6D43A4D49820AFB0D90D2.d.A913CFB6CBEEC4D08CF258B8B07D00E2.e.143")&gt;</var>
<status status="PASS" start="2025-04-21T21:43:01.034230" elapsed="0.019620"/>
</iter>
<iter>
<kw name="Get Text" owner="SeleniumLibrary">
<msg time="2025-04-21T21:43:01.061074" level="INFO">${name} = </msg>
<var>${name}</var>
<arg>${element}</arg>
<doc>Returns the text value of the element identified by ``locator``.</doc>
<status status="PASS" start="2025-04-21T21:43:01.053850" elapsed="0.007224"/>
</kw>
<kw name="Append To List" owner="Collections">
<arg>${list_title}</arg>
<arg>${name}</arg>
<doc>Adds ``values`` to the end of ``list``.</doc>
<status status="PASS" start="2025-04-21T21:43:01.061074" elapsed="0.000000"/>
</kw>
<var name="${element}">&lt;selenium.webdriver.remote.webelement.WebElement (session="04483a315bbfd2b38b2e4ce9f260fb54", element="f.41E45C7752B6D43A4D49820AFB0D90D2.d.A913CFB6CBEEC4D08CF258B8B07D00E2.e.144")&gt;</var>
<status status="PASS" start="2025-04-21T21:43:01.053850" elapsed="0.007224"/>
</iter>
<iter>
<kw name="Get Text" owner="SeleniumLibrary">
<msg time="2025-04-21T21:43:01.061074" level="INFO">${name} = XRP Price Coiled for a Significant Move as Key Volatility Indicator Mirrors 2024 Patterns</msg>
<var>${name}</var>
<arg>${element}</arg>
<doc>Returns the text value of the element identified by ``locator``.</doc>
<status status="PASS" start="2025-04-21T21:43:01.061074" elapsed="0.000000"/>
</kw>
<kw name="Append To List" owner="Collections">
<arg>${list_title}</arg>
<arg>${name}</arg>
<doc>Adds ``values`` to the end of ``list``.</doc>
<status status="PASS" start="2025-04-21T21:43:01.061074" elapsed="0.000000"/>
</kw>
<var name="${element}">&lt;selenium.webdriver.remote.webelement.WebElement (session="04483a315bbfd2b38b2e4ce9f260fb54", element="f.41E45C7752B6D43A4D49820AFB0D90D2.d.A913CFB6CBEEC4D08CF258B8B07D00E2.e.145")&gt;</var>
<status status="PASS" start="2025-04-21T21:43:01.061074" elapsed="0.000000"/>
</iter>
<iter>
<kw name="Get Text" owner="SeleniumLibrary">
<msg time="2025-04-21T21:43:01.071132" level="INFO">${name} = Bitcoin's Breakout Signals BTC Potentially Rallying to $90K-$92K: Technical Analysis</msg>
<var>${name}</var>
<arg>${element}</arg>
<doc>Returns the text value of the element identified by ``locator``.</doc>
<status status="PASS" start="2025-04-21T21:43:01.061074" elapsed="0.010058"/>
</kw>
<kw name="Append To List" owner="Collections">
<arg>${list_title}</arg>
<arg>${name}</arg>
<doc>Adds ``values`` to the end of ``list``.</doc>
<status status="PASS" start="2025-04-21T21:43:01.071132" elapsed="0.000000"/>
</kw>
<var name="${element}">&lt;selenium.webdriver.remote.webelement.WebElement (session="04483a315bbfd2b38b2e4ce9f260fb54", element="f.41E45C7752B6D43A4D49820AFB0D90D2.d.A913CFB6CBEEC4D08CF258B8B07D00E2.e.146")&gt;</var>
<status status="PASS" start="2025-04-21T21:43:01.061074" elapsed="0.010058"/>
</iter>
<iter>
<kw name="Get Text" owner="SeleniumLibrary">
<msg time="2025-04-21T21:43:01.071132" level="INFO">${name} = NEWSLETTERS</msg>
<var>${name}</var>
<arg>${element}</arg>
<doc>Returns the text value of the element identified by ``locator``.</doc>
<status status="PASS" start="2025-04-21T21:43:01.071132" elapsed="0.000000"/>
</kw>
<kw name="Append To List" owner="Collections">
<arg>${list_title}</arg>
<arg>${name}</arg>
<doc>Adds ``values`` to the end of ``list``.</doc>
<status status="PASS" start="2025-04-21T21:43:01.071132" elapsed="0.000000"/>
</kw>
<var name="${element}">&lt;selenium.webdriver.remote.webelement.WebElement (session="04483a315bbfd2b38b2e4ce9f260fb54", element="f.41E45C7752B6D43A4D49820AFB0D90D2.d.A913CFB6CBEEC4D08CF258B8B07D00E2.e.147")&gt;</var>
<status status="PASS" start="2025-04-21T21:43:01.071132" elapsed="0.000000"/>
</iter>
<iter>
<kw name="Get Text" owner="SeleniumLibrary">
<msg time="2025-04-21T21:43:01.085691" level="INFO">${name} = terms of use</msg>
<var>${name}</var>
<arg>${element}</arg>
<doc>Returns the text value of the element identified by ``locator``.</doc>
<status status="PASS" start="2025-04-21T21:43:01.071132" elapsed="0.014559"/>
</kw>
<kw name="Append To List" owner="Collections">
<arg>${list_title}</arg>
<arg>${name}</arg>
<doc>Adds ``values`` to the end of ``list``.</doc>
<status status="PASS" start="2025-04-21T21:43:01.085691" elapsed="0.000000"/>
</kw>
<var name="${element}">&lt;selenium.webdriver.remote.webelement.WebElement (session="04483a315bbfd2b38b2e4ce9f260fb54", element="f.41E45C7752B6D43A4D49820AFB0D90D2.d.A913CFB6CBEEC4D08CF258B8B07D00E2.e.148")&gt;</var>
<status status="PASS" start="2025-04-21T21:43:01.071132" elapsed="0.014559"/>
</iter>
<iter>
<kw name="Get Text" owner="SeleniumLibrary">
<msg time="2025-04-21T21:43:01.085691" level="INFO">${name} = privacy policy</msg>
<var>${name}</var>
<arg>${element}</arg>
<doc>Returns the text value of the element identified by ``locator``.</doc>
<status status="PASS" start="2025-04-21T21:43:01.085691" elapsed="0.000000"/>
</kw>
<kw name="Append To List" owner="Collections">
<arg>${list_title}</arg>
<arg>${name}</arg>
<doc>Adds ``values`` to the end of ``list``.</doc>
<status status="PASS" start="2025-04-21T21:43:01.085691" elapsed="0.000000"/>
</kw>
<var name="${element}">&lt;selenium.webdriver.remote.webelement.WebElement (session="04483a315bbfd2b38b2e4ce9f260fb54", element="f.41E45C7752B6D43A4D49820AFB0D90D2.d.A913CFB6CBEEC4D08CF258B8B07D00E2.e.149")&gt;</var>
<status status="PASS" start="2025-04-21T21:43:01.085691" elapsed="0.000000"/>
</iter>
<iter>
<kw name="Get Text" owner="SeleniumLibrary">
<msg time="2025-04-21T21:43:01.085691" level="INFO">${name} = Crypto Daybook Americas</msg>
<var>${name}</var>
<arg>${element}</arg>
<doc>Returns the text value of the element identified by ``locator``.</doc>
<status status="PASS" start="2025-04-21T21:43:01.085691" elapsed="0.000000"/>
</kw>
<kw name="Append To List" owner="Collections">
<arg>${list_title}</arg>
<arg>${name}</arg>
<doc>Adds ``values`` to the end of ``list``.</doc>
<status status="PASS" start="2025-04-21T21:43:01.085691" elapsed="0.000000"/>
</kw>
<var name="${element}">&lt;selenium.webdriver.remote.webelement.WebElement (session="04483a315bbfd2b38b2e4ce9f260fb54", element="f.41E45C7752B6D43A4D49820AFB0D90D2.d.A913CFB6CBEEC4D08CF258B8B07D00E2.e.150")&gt;</var>
<status status="PASS" start="2025-04-21T21:43:01.085691" elapsed="0.000000"/>
</iter>
<iter>
<kw name="Get Text" owner="SeleniumLibrary">
<msg time="2025-04-21T21:43:01.102714" level="INFO">${name} = Crypto for Advisors</msg>
<var>${name}</var>
<arg>${element}</arg>
<doc>Returns the text value of the element identified by ``locator``.</doc>
<status status="PASS" start="2025-04-21T21:43:01.085691" elapsed="0.017023"/>
</kw>
<kw name="Append To List" owner="Collections">
<arg>${list_title}</arg>
<arg>${name}</arg>
<doc>Adds ``values`` to the end of ``list``.</doc>
<status status="PASS" start="2025-04-21T21:43:01.102714" elapsed="0.000000"/>
</kw>
<var name="${element}">&lt;selenium.webdriver.remote.webelement.WebElement (session="04483a315bbfd2b38b2e4ce9f260fb54", element="f.41E45C7752B6D43A4D49820AFB0D90D2.d.A913CFB6CBEEC4D08CF258B8B07D00E2.e.151")&gt;</var>
<status status="PASS" start="2025-04-21T21:43:01.085691" elapsed="0.017023"/>
</iter>
<iter>
<kw name="Get Text" owner="SeleniumLibrary">
<msg time="2025-04-21T21:43:01.102714" level="INFO">${name} = The Protocol</msg>
<var>${name}</var>
<arg>${element}</arg>
<doc>Returns the text value of the element identified by ``locator``.</doc>
<status status="PASS" start="2025-04-21T21:43:01.102714" elapsed="0.000000"/>
</kw>
<kw name="Append To List" owner="Collections">
<arg>${list_title}</arg>
<arg>${name}</arg>
<doc>Adds ``values`` to the end of ``list``.</doc>
<status status="PASS" start="2025-04-21T21:43:01.102714" elapsed="0.000000"/>
</kw>
<var name="${element}">&lt;selenium.webdriver.remote.webelement.WebElement (session="04483a315bbfd2b38b2e4ce9f260fb54", element="f.41E45C7752B6D43A4D49820AFB0D90D2.d.A913CFB6CBEEC4D08CF258B8B07D00E2.e.152")&gt;</var>
<status status="PASS" start="2025-04-21T21:43:01.102714" elapsed="0.000000"/>
</iter>
<iter>
<kw name="Get Text" owner="SeleniumLibrary">
<msg time="2025-04-21T21:43:01.120451" level="INFO">${name} = Crypto Long &amp; Short</msg>
<var>${name}</var>
<arg>${element}</arg>
<doc>Returns the text value of the element identified by ``locator``.</doc>
<status status="PASS" start="2025-04-21T21:43:01.102714" elapsed="0.017737"/>
</kw>
<kw name="Append To List" owner="Collections">
<arg>${list_title}</arg>
<arg>${name}</arg>
<doc>Adds ``values`` to the end of ``list``.</doc>
<status status="PASS" start="2025-04-21T21:43:01.121625" elapsed="0.000000"/>
</kw>
<var name="${element}">&lt;selenium.webdriver.remote.webelement.WebElement (session="04483a315bbfd2b38b2e4ce9f260fb54", element="f.41E45C7752B6D43A4D49820AFB0D90D2.d.A913CFB6CBEEC4D08CF258B8B07D00E2.e.153")&gt;</var>
<status status="PASS" start="2025-04-21T21:43:01.102714" elapsed="0.018911"/>
</iter>
<iter>
<kw name="Get Text" owner="SeleniumLibrary">
<msg time="2025-04-21T21:43:01.121625" level="INFO">${name} = The Node</msg>
<var>${name}</var>
<arg>${element}</arg>
<doc>Returns the text value of the element identified by ``locator``.</doc>
<status status="PASS" start="2025-04-21T21:43:01.121625" elapsed="0.000000"/>
</kw>
<kw name="Append To List" owner="Collections">
<arg>${list_title}</arg>
<arg>${name}</arg>
<doc>Adds ``values`` to the end of ``list``.</doc>
<status status="PASS" start="2025-04-21T21:43:01.121625" elapsed="0.000000"/>
</kw>
<var name="${element}">&lt;selenium.webdriver.remote.webelement.WebElement (session="04483a315bbfd2b38b2e4ce9f260fb54", element="f.41E45C7752B6D43A4D49820AFB0D90D2.d.A913CFB6CBEEC4D08CF258B8B07D00E2.e.154")&gt;</var>
<status status="PASS" start="2025-04-21T21:43:01.121625" elapsed="0.000000"/>
</iter>
<iter>
<kw name="Get Text" owner="SeleniumLibrary">
<msg time="2025-04-21T21:43:01.121625" level="INFO">${name} = State of Crypto</msg>
<var>${name}</var>
<arg>${element}</arg>
<doc>Returns the text value of the element identified by ``locator``.</doc>
<status status="PASS" start="2025-04-21T21:43:01.121625" elapsed="0.000000"/>
</kw>
<kw name="Append To List" owner="Collections">
<arg>${list_title}</arg>
<arg>${name}</arg>
<doc>Adds ``values`` to the end of ``list``.</doc>
<status status="PASS" start="2025-04-21T21:43:01.121625" elapsed="0.000000"/>
</kw>
<var name="${element}">&lt;selenium.webdriver.remote.webelement.WebElement (session="04483a315bbfd2b38b2e4ce9f260fb54", element="f.41E45C7752B6D43A4D49820AFB0D90D2.d.A913CFB6CBEEC4D08CF258B8B07D00E2.e.155")&gt;</var>
<status status="PASS" start="2025-04-21T21:43:01.121625" elapsed="0.000000"/>
</iter>
<iter>
<kw name="Get Text" owner="SeleniumLibrary">
<msg time="2025-04-21T21:43:01.138250" level="INFO">${name} = Bitcoin Is About to be Hit With 'Significant Volatility' Imminently, CryptoQuant Warns</msg>
<var>${name}</var>
<arg>${element}</arg>
<doc>Returns the text value of the element identified by ``locator``.</doc>
<status status="PASS" start="2025-04-21T21:43:01.121625" elapsed="0.016625"/>
</kw>
<kw name="Append To List" owner="Collections">
<arg>${list_title}</arg>
<arg>${name}</arg>
<doc>Adds ``values`` to the end of ``list``.</doc>
<status status="PASS" start="2025-04-21T21:43:01.138250" elapsed="0.000000"/>
</kw>
<var name="${element}">&lt;selenium.webdriver.remote.webelement.WebElement (session="04483a315bbfd2b38b2e4ce9f260fb54", element="f.41E45C7752B6D43A4D49820AFB0D90D2.d.A913CFB6CBEEC4D08CF258B8B07D00E2.e.156")&gt;</var>
<status status="PASS" start="2025-04-21T21:43:01.121625" elapsed="0.016625"/>
</iter>
<iter>
<kw name="Get Text" owner="SeleniumLibrary">
<msg time="2025-04-21T21:43:01.138250" level="INFO">${name} = HELENE BRAUN</msg>
<var>${name}</var>
<arg>${element}</arg>
<doc>Returns the text value of the element identified by ``locator``.</doc>
<status status="PASS" start="2025-04-21T21:43:01.138250" elapsed="0.000000"/>
</kw>
<kw name="Append To List" owner="Collections">
<arg>${list_title}</arg>
<arg>${name}</arg>
<doc>Adds ``values`` to the end of ``list``.</doc>
<status status="PASS" start="2025-04-21T21:43:01.138250" elapsed="0.000000"/>
</kw>
<var name="${element}">&lt;selenium.webdriver.remote.webelement.WebElement (session="04483a315bbfd2b38b2e4ce9f260fb54", element="f.41E45C7752B6D43A4D49820AFB0D90D2.d.A913CFB6CBEEC4D08CF258B8B07D00E2.e.157")&gt;</var>
<status status="PASS" start="2025-04-21T21:43:01.138250" elapsed="0.000000"/>
</iter>
<iter>
<kw name="Get Text" owner="SeleniumLibrary">
<msg time="2025-04-21T21:43:01.154913" level="INFO">${name} = </msg>
<var>${name}</var>
<arg>${element}</arg>
<doc>Returns the text value of the element identified by ``locator``.</doc>
<status status="PASS" start="2025-04-21T21:43:01.138250" elapsed="0.016663"/>
</kw>
<kw name="Append To List" owner="Collections">
<arg>${list_title}</arg>
<arg>${name}</arg>
<doc>Adds ``values`` to the end of ``list``.</doc>
<status status="PASS" start="2025-04-21T21:43:01.154913" elapsed="0.000000"/>
</kw>
<var name="${element}">&lt;selenium.webdriver.remote.webelement.WebElement (session="04483a315bbfd2b38b2e4ce9f260fb54", element="f.41E45C7752B6D43A4D49820AFB0D90D2.d.A913CFB6CBEEC4D08CF258B8B07D00E2.e.158")&gt;</var>
<status status="PASS" start="2025-04-21T21:43:01.138250" elapsed="0.016663"/>
</iter>
<iter>
<kw name="Get Text" owner="SeleniumLibrary">
<msg time="2025-04-21T21:43:01.188475" level="INFO">${name} = </msg>
<var>${name}</var>
<arg>${element}</arg>
<doc>Returns the text value of the element identified by ``locator``.</doc>
<status status="PASS" start="2025-04-21T21:43:01.154913" elapsed="0.033562"/>
</kw>
<kw name="Append To List" owner="Collections">
<arg>${list_title}</arg>
<arg>${name}</arg>
<doc>Adds ``values`` to the end of ``list``.</doc>
<status status="PASS" start="2025-04-21T21:43:01.188475" elapsed="0.000000"/>
</kw>
<var name="${element}">&lt;selenium.webdriver.remote.webelement.WebElement (session="04483a315bbfd2b38b2e4ce9f260fb54", element="f.41E45C7752B6D43A4D49820AFB0D90D2.d.A913CFB6CBEEC4D08CF258B8B07D00E2.e.159")&gt;</var>
<status status="PASS" start="2025-04-21T21:43:01.154913" elapsed="0.033562"/>
</iter>
<iter>
<kw name="Get Text" owner="SeleniumLibrary">
<msg time="2025-04-21T21:43:01.188475" level="INFO">${name} = </msg>
<var>${name}</var>
<arg>${element}</arg>
<doc>Returns the text value of the element identified by ``locator``.</doc>
<status status="PASS" start="2025-04-21T21:43:01.188475" elapsed="0.000000"/>
</kw>
<kw name="Append To List" owner="Collections">
<arg>${list_title}</arg>
<arg>${name}</arg>
<doc>Adds ``values`` to the end of ``list``.</doc>
<status status="PASS" start="2025-04-21T21:43:01.188475" elapsed="0.000000"/>
</kw>
<var name="${element}">&lt;selenium.webdriver.remote.webelement.WebElement (session="04483a315bbfd2b38b2e4ce9f260fb54", element="f.41E45C7752B6D43A4D49820AFB0D90D2.d.A913CFB6CBEEC4D08CF258B8B07D00E2.e.160")&gt;</var>
<status status="PASS" start="2025-04-21T21:43:01.188475" elapsed="0.000000"/>
</iter>
<iter>
<kw name="Get Text" owner="SeleniumLibrary">
<msg time="2025-04-21T21:43:01.201384" level="INFO">${name} = </msg>
<var>${name}</var>
<arg>${element}</arg>
<doc>Returns the text value of the element identified by ``locator``.</doc>
<status status="PASS" start="2025-04-21T21:43:01.188475" elapsed="0.012909"/>
</kw>
<kw name="Append To List" owner="Collections">
<arg>${list_title}</arg>
<arg>${name}</arg>
<doc>Adds ``values`` to the end of ``list``.</doc>
<status status="PASS" start="2025-04-21T21:43:01.201384" elapsed="0.000000"/>
</kw>
[...]
</kw>
<kw name="Append To List" owner="Collections">
<arg>${list_title}</arg>
<arg>${name}</arg>
<doc>Adds ``values`` to the end of ``list``.</doc>
<status status="PASS" start="2025-04-21T21:43:02.463000" elapsed="0.000000"/>
</kw>
<var name="${element}">&lt;selenium.webdriver.remote.webelement.WebElement (session="04483a315bbfd2b38b2e4ce9f260fb54", element="f.41E45C7752B6D43A4D49820AFB0D90D2.d.A913CFB6CBEEC4D08CF258B8B07D00E2.e.337")&gt;</var>
<status status="PASS" start="2025-04-21T21:43:02.447319" elapsed="0.015681"/>
</iter>
<iter>
<kw name="Get Text" owner="SeleniumLibrary">
<msg time="2025-04-21T21:43:02.463000" level="INFO">${name} = </msg>
<var>${name}</var>
<arg>${element}</arg>
<doc>Returns the text value of the element identified by ``locator``.</doc>
<status status="PASS" start="2025-04-21T21:43:02.463000" elapsed="0.000000"/>
</kw>
<kw name="Append To List" owner="Collections">
<arg>${list_title}</arg>
<arg>${name}</arg>
<doc>Adds ``values`` to the end of ``list``.</doc>
<status status="PASS" start="2025-04-21T21:43:02.463000" elapsed="0.000000"/>
</kw>
<var name="${element}">&lt;selenium.webdriver.remote.webelement.WebElement (session="04483a315bbfd2b38b2e4ce9f260fb54", element="f.41E45C7752B6D43A4D49820AFB0D90D2.d.A913CFB6CBEEC4D08CF258B8B07D00E2.e.338")&gt;</var>
<status status="PASS" start="2025-04-21T21:43:02.463000" elapsed="0.000000"/>
</iter>
<iter>
<kw name="Get Text" owner="SeleniumLibrary">
<msg time="2025-04-21T21:43:02.478724" level="INFO">${name} = </msg>
<var>${name}</var>
<arg>${element}</arg>
<doc>Returns the text value of the element identified by ``locator``.</doc>
<status status="PASS" start="2025-04-21T21:43:02.463000" elapsed="0.015724"/>
</kw>
<kw name="Append To List" owner="Collections">
<arg>${list_title}</arg>
<arg>${name}</arg>
<doc>Adds ``values`` to the end of ``list``.</doc>
<status status="PASS" start="2025-04-21T21:43:02.478724" elapsed="0.001602"/>
</kw>
<var name="${element}">&lt;selenium.webdriver.remote.webelement.WebElement (session="04483a315bbfd2b38b2e4ce9f260fb54", element="f.41E45C7752B6D43A4D49820AFB0D90D2.d.A913CFB6CBEEC4D08CF258B8B07D00E2.e.339")&gt;</var>
<status status="PASS" start="2025-04-21T21:43:02.463000" elapsed="0.017326"/>
</iter>
<iter>
<kw name="Get Text" owner="SeleniumLibrary">
<msg time="2025-04-21T21:43:02.480326" level="INFO">${name} = </msg>
<var>${name}</var>
<arg>${element}</arg>
<doc>Returns the text value of the element identified by ``locator``.</doc>
<status status="PASS" start="2025-04-21T21:43:02.480326" elapsed="0.000000"/>
</kw>
<kw name="Append To List" owner="Collections">
<arg>${list_title}</arg>
<arg>${name}</arg>
<doc>Adds ``values`` to the end of ``list``.</doc>
<status status="PASS" start="2025-04-21T21:43:02.480326" elapsed="0.000000"/>
</kw>
<var name="${element}">&lt;selenium.webdriver.remote.webelement.WebElement (session="04483a315bbfd2b38b2e4ce9f260fb54", element="f.41E45C7752B6D43A4D49820AFB0D90D2.d.A913CFB6CBEEC4D08CF258B8B07D00E2.e.340")&gt;</var>
<status status="PASS" start="2025-04-21T21:43:02.480326" elapsed="0.000000"/>
</iter>
<iter>
<kw name="Get Text" owner="SeleniumLibrary">
<msg time="2025-04-21T21:43:02.480326" level="INFO">${name} = Webinars &amp; Events</msg>
<var>${name}</var>
<arg>${element}</arg>
<doc>Returns the text value of the element identified by ``locator``.</doc>
<status status="PASS" start="2025-04-21T21:43:02.480326" elapsed="0.000000"/>
</kw>
<kw name="Append To List" owner="Collections">
<arg>${list_title}</arg>
<arg>${name}</arg>
<doc>Adds ``values`` to the end of ``list``.</doc>
<status status="PASS" start="2025-04-21T21:43:02.480326" elapsed="0.000000"/>
</kw>
<var name="${element}">&lt;selenium.webdriver.remote.webelement.WebElement (session="04483a315bbfd2b38b2e4ce9f260fb54", element="f.41E45C7752B6D43A4D49820AFB0D90D2.d.A913CFB6CBEEC4D08CF258B8B07D00E2.e.341")&gt;</var>
<status status="PASS" start="2025-04-21T21:43:02.480326" elapsed="0.000000"/>
</iter>
<iter>
<kw name="Get Text" owner="SeleniumLibrary">
<msg time="2025-04-21T21:43:02.496066" level="INFO">${name} = </msg>
<var>${name}</var>
<arg>${element}</arg>
<doc>Returns the text value of the element identified by ``locator``.</doc>
<status status="PASS" start="2025-04-21T21:43:02.480326" elapsed="0.015740"/>
</kw>
<kw name="Append To List" owner="Collections">
<arg>${list_title}</arg>
<arg>${name}</arg>
<doc>Adds ``values`` to the end of ``list``.</doc>
<status status="PASS" start="2025-04-21T21:43:02.496066" elapsed="0.000000"/>
</kw>
<var name="${element}">&lt;selenium.webdriver.remote.webelement.WebElement (session="04483a315bbfd2b38b2e4ce9f260fb54", element="f.41E45C7752B6D43A4D49820AFB0D90D2.d.A913CFB6CBEEC4D08CF258B8B07D00E2.e.342")&gt;</var>
<status status="PASS" start="2025-04-21T21:43:02.480326" elapsed="0.015740"/>
</iter>
<iter>
<kw name="Get Text" owner="SeleniumLibrary">
<msg time="2025-04-21T21:43:02.496066" level="INFO">${name} = </msg>
<var>${name}</var>
<arg>${element}</arg>
<doc>Returns the text value of the element identified by ``locator``.</doc>
<status status="PASS" start="2025-04-21T21:43:02.496066" elapsed="0.000000"/>
</kw>
<kw name="Append To List" owner="Collections">
<arg>${list_title}</arg>
<arg>${name}</arg>
<doc>Adds ``values`` to the end of ``list``.</doc>
<status status="PASS" start="2025-04-21T21:43:02.496066" elapsed="0.000000"/>
</kw>
<var name="${element}">&lt;selenium.webdriver.remote.webelement.WebElement (session="04483a315bbfd2b38b2e4ce9f260fb54", element="f.41E45C7752B6D43A4D49820AFB0D90D2.d.A913CFB6CBEEC4D08CF258B8B07D00E2.e.343")&gt;</var>
<status status="PASS" start="2025-04-21T21:43:02.496066" elapsed="0.000000"/>
</iter>
<iter>
<kw name="Get Text" owner="SeleniumLibrary">
<msg time="2025-04-21T21:43:02.511944" level="INFO">${name} = English</msg>
<var>${name}</var>
<arg>${element}</arg>
<doc>Returns the text value of the element identified by ``locator``.</doc>
<status status="PASS" start="2025-04-21T21:43:02.496066" elapsed="0.015878"/>
</kw>
<kw name="Append To List" owner="Collections">
<arg>${list_title}</arg>
<arg>${name}</arg>
<doc>Adds ``values`` to the end of ``list``.</doc>
<status status="PASS" start="2025-04-21T21:43:02.511944" elapsed="0.000000"/>
</kw>
<var name="${element}">&lt;selenium.webdriver.remote.webelement.WebElement (session="04483a315bbfd2b38b2e4ce9f260fb54", element="f.41E45C7752B6D43A4D49820AFB0D90D2.d.A913CFB6CBEEC4D08CF258B8B07D00E2.e.344")&gt;</var>
<status status="PASS" start="2025-04-21T21:43:02.496066" elapsed="0.015878"/>
</iter>
<iter>
<kw name="Get Text" owner="SeleniumLibrary">
<msg time="2025-04-21T21:43:02.516967" level="INFO">${name} = Español</msg>
<var>${name}</var>
<arg>${element}</arg>
<doc>Returns the text value of the element identified by ``locator``.</doc>
<status status="PASS" start="2025-04-21T21:43:02.511944" elapsed="0.005023"/>
</kw>
<kw name="Append To List" owner="Collections">
<arg>${list_title}</arg>
<arg>${name}</arg>
<doc>Adds ``values`` to the end of ``list``.</doc>
<status status="PASS" start="2025-04-21T21:43:02.516967" elapsed="0.000000"/>
</kw>
<var name="${element}">&lt;selenium.webdriver.remote.webelement.WebElement (session="04483a315bbfd2b38b2e4ce9f260fb54", element="f.41E45C7752B6D43A4D49820AFB0D90D2.d.A913CFB6CBEEC4D08CF258B8B07D00E2.e.76")&gt;</var>
<status status="PASS" start="2025-04-21T21:43:02.511944" elapsed="0.005023"/>
</iter>
<iter>
<kw name="Get Text" owner="SeleniumLibrary">
<msg time="2025-04-21T21:43:02.520314" level="INFO">${name} = Filipino</msg>
<var>${name}</var>
<arg>${element}</arg>
<doc>Returns the text value of the element identified by ``locator``.</doc>
<status status="PASS" start="2025-04-21T21:43:02.516967" elapsed="0.003347"/>
</kw>
<kw name="Append To List" owner="Collections">
<arg>${list_title}</arg>
<arg>${name}</arg>
<doc>Adds ``values`` to the end of ``list``.</doc>
<status status="PASS" start="2025-04-21T21:43:02.520314" elapsed="0.000000"/>
</kw>
<var name="${element}">&lt;selenium.webdriver.remote.webelement.WebElement (session="04483a315bbfd2b38b2e4ce9f260fb54", element="f.41E45C7752B6D43A4D49820AFB0D90D2.d.A913CFB6CBEEC4D08CF258B8B07D00E2.e.345")&gt;</var>
<status status="PASS" start="2025-04-21T21:43:02.516967" elapsed="0.003347"/>
</iter>
<iter>
<kw name="Get Text" owner="SeleniumLibrary">
<msg time="2025-04-21T21:43:02.532071" level="INFO">${name} = Français</msg>
<var>${name}</var>
<arg>${element}</arg>
<doc>Returns the text value of the element identified by ``locator``.</doc>
<status status="PASS" start="2025-04-21T21:43:02.520314" elapsed="0.011757"/>
</kw>
<kw name="Append To List" owner="Collections">
<arg>${list_title}</arg>
<arg>${name}</arg>
<doc>Adds ``values`` to the end of ``list``.</doc>
<status status="PASS" start="2025-04-21T21:43:02.532071" elapsed="0.000000"/>
</kw>
<var name="${element}">&lt;selenium.webdriver.remote.webelement.WebElement (session="04483a315bbfd2b38b2e4ce9f260fb54", element="f.41E45C7752B6D43A4D49820AFB0D90D2.d.A913CFB6CBEEC4D08CF258B8B07D00E2.e.346")&gt;</var>
<status status="PASS" start="2025-04-21T21:43:02.520314" elapsed="0.011757"/>
</iter>
<iter>
<kw name="Get Text" owner="SeleniumLibrary">
<msg time="2025-04-21T21:43:02.536093" level="INFO">${name} = Italiano</msg>
<var>${name}</var>
<arg>${element}</arg>
<doc>Returns the text value of the element identified by ``locator``.</doc>
<status status="PASS" start="2025-04-21T21:43:02.532071" elapsed="0.004022"/>
</kw>
<kw name="Append To List" owner="Collections">
<arg>${list_title}</arg>
<arg>${name}</arg>
<doc>Adds ``values`` to the end of ``list``.</doc>
<status status="PASS" start="2025-04-21T21:43:02.536093" elapsed="0.000000"/>
</kw>
<var name="${element}">&lt;selenium.webdriver.remote.webelement.WebElement (session="04483a315bbfd2b38b2e4ce9f260fb54", element="f.41E45C7752B6D43A4D49820AFB0D90D2.d.A913CFB6CBEEC4D08CF258B8B07D00E2.e.347")&gt;</var>
<status status="PASS" start="2025-04-21T21:43:02.532071" elapsed="0.004022"/>
</iter>
<iter>
<kw name="Get Text" owner="SeleniumLibrary">
<msg time="2025-04-21T21:43:02.536093" level="INFO">${name} = Português</msg>
<var>${name}</var>
<arg>${element}</arg>
<doc>Returns the text value of the element identified by ``locator``.</doc>
<status status="PASS" start="2025-04-21T21:43:02.536093" elapsed="0.000000"/>
</kw>
<kw name="Append To List" owner="Collections">
<arg>${list_title}</arg>
<arg>${name}</arg>
<doc>Adds ``values`` to the end of ``list``.</doc>
<status status="PASS" start="2025-04-21T21:43:02.536093" elapsed="0.000000"/>
</kw>
<var name="${element}">&lt;selenium.webdriver.remote.webelement.WebElement (session="04483a315bbfd2b38b2e4ce9f260fb54", element="f.41E45C7752B6D43A4D49820AFB0D90D2.d.A913CFB6CBEEC4D08CF258B8B07D00E2.e.348")&gt;</var>
<status status="PASS" start="2025-04-21T21:43:02.536093" elapsed="0.000000"/>
</iter>
<iter>
<kw name="Get Text" owner="SeleniumLibrary">
<msg time="2025-04-21T21:43:02.552962" level="INFO">${name} = Русский</msg>
<var>${name}</var>
<arg>${element}</arg>
<doc>Returns the text value of the element identified by ``locator``.</doc>
<status status="PASS" start="2025-04-21T21:43:02.536093" elapsed="0.016869"/>
</kw>
<kw name="Append To List" owner="Collections">
<arg>${list_title}</arg>
<arg>${name}</arg>
<doc>Adds ``values`` to the end of ``list``.</doc>
<status status="PASS" start="2025-04-21T21:43:02.552962" elapsed="0.000000"/>
</kw>
<var name="${element}">&lt;selenium.webdriver.remote.webelement.WebElement (session="04483a315bbfd2b38b2e4ce9f260fb54", element="f.41E45C7752B6D43A4D49820AFB0D90D2.d.A913CFB6CBEEC4D08CF258B8B07D00E2.e.349")&gt;</var>
<status status="PASS" start="2025-04-21T21:43:02.536093" elapsed="0.016869"/>
</iter>
<iter>
<kw name="Get Text" owner="SeleniumLibrary">
<msg time="2025-04-21T21:43:02.561992" level="INFO">${name} = Українська</msg>
<var>${name}</var>
<arg>${element}</arg>
<doc>Returns the text value of the element identified by ``locator``.</doc>
<status status="PASS" start="2025-04-21T21:43:02.552962" elapsed="0.009030"/>
</kw>
<kw name="Append To List" owner="Collections">
<arg>${list_title}</arg>
<arg>${name}</arg>
<doc>Adds ``values`` to the end of ``list``.</doc>
<status status="PASS" start="2025-04-21T21:43:02.561992" elapsed="0.000000"/>
</kw>
<var name="${element}">&lt;selenium.webdriver.remote.webelement.WebElement (session="04483a315bbfd2b38b2e4ce9f260fb54", element="f.41E45C7752B6D43A4D49820AFB0D90D2.d.A913CFB6CBEEC4D08CF258B8B07D00E2.e.350")&gt;</var>
<status status="PASS" start="2025-04-21T21:43:02.552962" elapsed="0.009030"/>
</iter>
<var>${element}</var>
<value>@{title}</value>
<status status="PASS" start="2025-04-21T21:43:00.454454" elapsed="2.107538"/>
</for>
<kw name="Split List" owner="CustomExcelLibrary">
<msg time="2025-04-21T21:43:02.561992" level="INFO">${news} = [['BTC\n$88,156.78\n+\n4.19%', 'ETH\n$1,635.65\n+\n3.51%', 'USDT\n$1.0001\n+\n0.03%', 'XRP\n$2.1316\n+\n3.53%', 'BNB\n$604.09\n+\n2.37%', 'SOL\n$139.63', '', '', '', ''], ['', '', '', '', '', '', '', ...</msg>
<var>${news}</var>
<arg>${list_title}</arg>
<arg>10</arg>
<doc>Splits a single list into multiple smaller lists of a given size.</doc>
<status status="PASS" start="2025-04-21T21:43:02.561992" elapsed="0.000000"/>
</kw>
<if>
<branch type="IF" condition="'${sheet_name}' == 'coin_desk'">
<kw name="Set Global Variable" owner="BuiltIn">
<msg time="2025-04-21T21:43:02.561992" level="INFO">${path_data} = C:\Users\Johny Eren\inkr\step/../data/coin_desk_data.xlsx</msg>
<arg>${path_data}</arg>
<arg>${COIN_DESK_PATH}</arg>
<doc>Makes a variable available globally in all tests and suites.</doc>
<status status="PASS" start="2025-04-21T21:43:02.561992" elapsed="0.000000"/>
</kw>
<kw name="Set Global Variable" owner="BuiltIn">
<msg time="2025-04-21T21:43:02.561992" level="INFO">${path_chart} = C:\Users\Johny Eren\inkr\step/../data/coin_desk_chart.xlsx</msg>
<arg>${path_chart}</arg>
<arg>${COIN_DESK_CHART_PATH}</arg>
<doc>Makes a variable available globally in all tests and suites.</doc>
<status status="PASS" start="2025-04-21T21:43:02.561992" elapsed="0.000000"/>
</kw>
<status status="PASS" start="2025-04-21T21:43:02.561992" elapsed="0.000000"/>
</branch>
<branch type="ELSE">
<kw name="Log" owner="BuiltIn">
<arg>Processing other sheet: ${sheet_name}</arg>
<doc>Logs the given message with the given level.</doc>
<status status="NOT RUN" start="2025-04-21T21:43:02.561992" elapsed="0.000000"/>
</kw>
<status status="NOT RUN" start="2025-04-21T21:43:02.561992" elapsed="0.000000"/>
</branch>
<status status="PASS" start="2025-04-21T21:43:02.561992" elapsed="0.000000"/>
</if>
<kw name="Get Today" owner="DateTimeLibrary">
<msg time="2025-04-21T21:43:02.561992" level="INFO">${sheet_name_today} = 21-04-2025</msg>
<var>${sheet_name_today}</var>
<status status="PASS" start="2025-04-21T21:43:02.561992" elapsed="0.000000"/>
</kw>
<kw name="Write Data To Excel" owner="CustomExcelLibrary">
<arg>${path_data}</arg>
<arg>ada</arg>
<arg>${news}</arg>
<doc>Writes data from multiple lists into an Excel file.</doc>
<status status="PASS" start="2025-04-21T21:43:02.561992" elapsed="0.056578"/>
</kw>
<kw name="Set Variable" owner="BuiltIn">
<msg time="2025-04-21T21:43:02.618570" level="INFO">${test} = C:\Users\Johny Eren\inkr\step/../data/coin_desk_data.xlsx</msg>
<var>${test}</var>
<arg>${path_data}</arg>
<doc>Returns the given values which can then be assigned to a variables.</doc>
<status status="PASS" start="2025-04-21T21:43:02.618570" elapsed="0.000000"/>
</kw>
<kw name="Log" owner="BuiltIn">
<msg time="2025-04-21T21:43:02.618570" level="INFO">C:\Users\Johny Eren\inkr\step/../data/coin_desk_data.xlsx</msg>
<arg>${test}</arg>
<doc>Logs the given message with the given level.</doc>
<status status="PASS" start="2025-04-21T21:43:02.618570" elapsed="0.000000"/>
</kw>
<arg>${coin_desk_selector}</arg>
<arg>coin_desk</arg>
<status status="PASS" start="2025-04-21T21:43:00.427615" elapsed="2.190955"/>
</kw>
<kw name="Export chart" owner="Home_Step">
<kw name="Find Most Common Keywords" owner="CustomExcelLibrary">
<msg time="2025-04-21T21:43:02.621701" level="INFO">${result} = [('crypto', 38), ('btc', 30), ('bitcoin', 30), ('ago', 22), ('2025', 20), ('xrp', 18), ('hours', 18), ('apr', 18), ('breakout', 12), ('19', 12), ('+', 10), ('ai', 10), ('omkar', 10), ('godbole', 10), ...</msg>
<var>${result}</var>
<arg>${path_data}</arg>
<doc>Finds the most frequently appearing keywords in an Excel file.</doc>
<status status="PASS" start="2025-04-21T21:43:02.618570" elapsed="0.003131"/>
</kw>
<kw name="Log" owner="BuiltIn">
<msg time="2025-04-21T21:43:02.621701" level="INFO">[('crypto', 38), ('btc', 30), ('bitcoin', 30), ('ago', 22), ('2025', 20), ('xrp', 18), ('hours', 18), ('apr', 18), ('breakout', 12), ('19', 12), ('+', 10), ('ai', 10), ('omkar', 10), ('godbole', 10), ('coindesk', 10), ('week', 10), ('buys', 10), ('stablecoin', 10), ('$87k', 10), ('key', 10), ('bnb', 8), ('sol', 8), ('near', 8), ('higher', 8), ('over', 8), ('token', 8), ('increases', 8), ("bitcoin's", 8), ('signals', 8), ('potentially', 8), ('rallying', 8), ('$90k-$92k', 8), ('technical', 8), ('analysis', 8), ('giant', 8), ('circle', 8), ('launching', 8), ('new', 8), ('payments', 8), ('remittance', 8), ('network', 8), ('digital', 8), ('moves', 8), ('trump', 8), ('powell', 8), ('significant', 8), ('volatility', 8), ('trading', 8), ('capital', 8), ('daybook', 6), ('americas', 6), ('after', 6), ('strategy', 6), ('$555m', 6), ('total', 6), ('stash', 6), ('538,200', 6), ('spike', 6), ('gold', 6), ('narrative', 6), ('makes', 6), ('comeback', 6), ('hack', 6), ('pushes', 6), ('past', 6), ('dollar', 6), ('crashes', 6), ('looks', 6), ('terminate', 6), ('fed’s', 6), ('chart', 6), ('dire', 6), ('picture', 6), ('miners', 6), ('revenue', 6), ('flatlines', 6), ('record', 6), ('low', 6), ('price', 6), ('coiled', 6), ('move', 6), ('indicator', 6), ('mirrors', 6), ('2024', 6), ('patterns', 6), ('surges', 6), ('eigenlayer', 6), ('kraken', 6), ('exchange', 6), ('privacy', 6), ('policy', 6), ('lifts', 4), ('memecoins', 4), ('underscores', 4), ('hedge', 4), ('value', 4), ('news', 4), ('1', 4), ('hour', 4), ('20', 4)]</msg>
<arg>${result}</arg>
<doc>Logs the given message with the given level.</doc>
<status status="PASS" start="2025-04-21T21:43:02.621701" elapsed="0.000000"/>
</kw>
<kw name="Get Today" owner="DateTimeLibrary">
<msg time="2025-04-21T21:43:02.621701" level="INFO">${sheet_name} = 21-04-2025</msg>
<var>${sheet_name}</var>
<status status="PASS" start="2025-04-21T21:43:02.621701" elapsed="0.000000"/>
</kw>
<kw name="Save Keywords To Existing Excel" owner="CustomExcelLibrary">
<msg time="2025-04-21T21:43:02.687873" level="INFO">Debug message ada C:\Users\Johny Eren\inkr\step/../data/coin_desk_chart.xlsx
Debug message ada C:\Users\Johny Eren\inkr\step/../data/coin_desk_chart.xlsx</msg>
<arg>${path_chart}</arg>
<arg>${result}</arg>
<arg>ada</arg>
<doc>Saves the top keywords to a new worksheet in an existing Excel file with formatting.</doc>
<status status="PASS" start="2025-04-21T21:43:02.621701" elapsed="0.066172"/>
</kw>
<status status="PASS" start="2025-04-21T21:43:02.618570" elapsed="0.069303"/>
</kw>
<kw name="Close Browser" owner="SeleniumLibrary" type="TEARDOWN">
<doc>Closes the current browser.</doc>
<status status="PASS" start="2025-04-21T21:43:02.687873" elapsed="2.165145"/>
</kw>
<doc>coin desk</doc>
<tag>coin desk</tag>
<status status="PASS" start="2025-04-21T21:42:54.338878" elapsed="10.514140"/>
</test>
<status status="PASS" start="2025-04-21T21:42:53.722569" elapsed="11.130449"/>
</suite>
<status status="PASS" start="2025-04-21T21:42:53.706011" elapsed="11.149859"/>
</suite>
<statistics>
<total>
<stat pass="1" fail="0" skip="0">All Tests</stat>
</total>
<tag>
<stat pass="1" fail="0" skip="0">coin desk</stat>
</tag>
<suite>
<stat pass="1" fail="0" skip="0" id="s1" name="Information">Information</stat>
<stat pass="1" fail="0" skip="0" id="s1-s1" name="Get Info Suite">Information.Get Info Suite</stat>
</suite>
</statistics>
<errors>
</errors>
</robot>
