<?xml version="1.0" encoding="UTF-8"?>
<robot generator="Robot 7.1 (Python 3.12.7 on win32)" generated="2025-04-21T20:44:42.088847" rpa="false" schemaversion="5">
<suite id="s1" name="Information" source="C:\Users\Johny Eren\inkr\test\information">
<suite id="s1-s1" name="Get Info Suite" source="C:\Users\Johny Eren\inkr\test\information\Get_Info_Suite.robot">
<test id="s1-s1-t1" name="Get vn express" line="21">
<kw name="Create driver" owner="Utility_Step" type="SETUP">
<kw name="Evaluate" owner="BuiltIn">
<msg time="2025-04-21T20:44:42.713795" level="INFO">${options} = &lt;selenium.webdriver.chrome.options.Options object at 0x000001AE320E5370&gt;</msg>
<var>${options}</var>
<arg>sys.modules['selenium.webdriver'].ChromeOptions()</arg>
<arg>sys</arg>
<doc>Evaluates the given expression in Python and returns the result.</doc>
<status status="PASS" start="2025-04-21T20:44:42.713795" elapsed="0.000000"/>
</kw>
<kw name="Call Method" owner="BuiltIn">
<arg>${options}</arg>
<arg>add_argument</arg>
<arg>--disable-notifications</arg>
<doc>Calls the named method of the given object with the provided arguments.</doc>
<status status="PASS" start="2025-04-21T20:44:42.713795" elapsed="0.000000"/>
</kw>
<kw name="Call Method" owner="BuiltIn">
<arg>${options}</arg>
<arg>add_argument</arg>
<arg>--disable-infobars</arg>
<doc>Calls the named method of the given object with the provided arguments.</doc>
<status status="PASS" start="2025-04-21T20:44:42.713795" elapsed="0.000000"/>
</kw>
<kw name="Call Method" owner="BuiltIn">
<arg>${options}</arg>
<arg>add_argument</arg>
<arg>--disable-extensions</arg>
<doc>Calls the named method of the given object with the provided arguments.</doc>
<status status="PASS" start="2025-04-21T20:44:42.713795" elapsed="0.000000"/>
</kw>
<kw name="Call Method" owner="BuiltIn">
<arg>${options}</arg>
<arg>add_argument</arg>
<arg>--no-sandbox</arg>
<doc>Calls the named method of the given object with the provided arguments.</doc>
<status status="PASS" start="2025-04-21T20:44:42.713795" elapsed="0.000000"/>
</kw>
<kw name="Call Method" owner="BuiltIn">
<arg>${options}</arg>
<arg>add_argument</arg>
<arg>--headless</arg>
<doc>Calls the named method of the given object with the provided arguments.</doc>
<status status="PASS" start="2025-04-21T20:44:42.713795" elapsed="0.000000"/>
</kw>
<kw name="Call Method" owner="BuiltIn">
<arg>${options}</arg>
<arg>add_argument</arg>
<arg>--disable-dev-shm-usage</arg>
<doc>Calls the named method of the given object with the provided arguments.</doc>
<status status="PASS" start="2025-04-21T20:44:42.713795" elapsed="0.000000"/>
</kw>
<kw name="Create Webdriver" owner="SeleniumLibrary">
<msg time="2025-04-21T20:44:42.713795" level="INFO">Creating an instance of the Chrome WebDriver.</msg>
<arg>Chrome</arg>
<arg>options=${options}</arg>
<doc>Creates an instance of Selenium WebDriver.</doc>
<status status="PASS" start="2025-04-21T20:44:42.713795" elapsed="1.511637"/>
</kw>
<status status="PASS" start="2025-04-21T20:44:42.713795" elapsed="1.511637"/>
</kw>
<kw name="Export chart" owner="Home_Step">
<kw name="Find Most Common Keywords" owner="CustomExcelLibrary">
<msg time="2025-04-21T20:44:44.237759" level="INFO">${result} = [('analysis', 9), ('trump', 9), ('years', 7), ('gallery', 6), ('party', 4), ('trade', 4), ('how', 4), ('war', 4), ('experts', 4), ('after', 4), ('may', 4), ('now', 4), ('new', 4), ('first', 4), ('he',...</msg>
<var>${result}</var>
<arg>${EXCEL_PATH}</arg>
<doc>Finds the most frequently appearing keywords in an Excel file.</doc>
<status status="PASS" start="2025-04-21T20:44:44.225432" elapsed="0.012327"/>
</kw>
<kw name="Log" owner="BuiltIn">
<msg time="2025-04-21T20:44:44.237759" level="INFO">[('analysis', 9), ('trump', 9), ('years', 7), ('gallery', 6), ('party', 4), ('trade', 4), ('how', 4), ('war', 4), ('experts', 4), ('after', 4), ('may', 4), ('now', 4), ('new', 4), ('first', 4), ('he', 4), ('canada', 3), ('democratic', 3), ('hong', 3), ('global', 3), ('trump’s', 3), ('signal', 3), ('news', 3), ('win', 3), ('over', 3), ('weekend', 3), ('research', 3), ('set', 3), ('michelle', 3), ('williams', 3), ('supreme', 3), ('court', 3), ('federal', 2), ('elections', 2), ('easter', 2), ('kong', 2), ('shohei', 2), ('ohtani', 2), ('dhl', 2), ('shipments', 2), ('‘pride', 2), ('&amp;', 2), ('prejudice’', 2), ('aryna', 2), ('sabalenka', 2), ('beijing', 2), ('china', 2), ('become', 2), ('private', 2), ('chat', 2), ('reacts', 2), ('military', 2), ('plans', 2), ('administration', 2), ('growing', 2), ('own', 2), ('gaza', 2), ('study', 2), ('finds', 2), ('photo', 2), ('mark', 2), ('during', 2), ('world’s', 2), ('1:30', 2), ('under', 2), ('here’s', 2), ('dissolution', 2), ('home', 2), ('tariffs', 2), ('he’s', 2), ('why', 2), ('millions', 2), ('tired', 2), ('living', 2), ('make', 2), ('weekdays', 2), ('fulfilling', 2), ('according', 2), ('psychology', 2), ('lion', 2), ('14-year-old', 2), ('obamacare', 2), ('suggests', 2), ('wife', 2), ('water', 2), ('advance', 2), ('its', 2), ('capital', 2), ('wants', 2), ('fun', 2), ('chinese', 2), ('powell', 2), ('look', 2), ('week', 2), ('golf', 2), ('los', 2), ('angeles', 2), ('world', 2), ('rfk', 2), ('monopoly', 2), ('trial', 2)]</msg>
<arg>${result}</arg>
<doc>Logs the given message with the given level.</doc>
<status status="PASS" start="2025-04-21T20:44:44.237759" elapsed="0.000000"/>
</kw>
<kw name="Get Today" owner="DateTimeLibrary">
<msg time="2025-04-21T20:44:44.237759" level="INFO">${sheet_name} = 21-04-2025</msg>
<var>${sheet_name}</var>
<status status="PASS" start="2025-04-21T20:44:44.237759" elapsed="0.000000"/>
</kw>
<kw name="Save Keywords To Existing Excel" owner="CustomExcelLibrary">
<msg time="2025-04-21T20:44:44.257219" level="INFO">Debug message 21-04-2025 C:\Users\Johny Eren\inkr\step/../data/chart.xlsx</msg>
<arg>${CHART_PATH}</arg>
<arg>${result}</arg>
<arg>${sheet_name}</arg>
<doc>Saves the top keywords to a new worksheet in an existing Excel file with formatting.</doc>
<status status="PASS" start="2025-04-21T20:44:44.237759" elapsed="0.019460"/>
</kw>
<status status="PASS" start="2025-04-21T20:44:44.225432" elapsed="0.032783"/>
</kw>
<kw name="Close Browser" owner="SeleniumLibrary" type="TEARDOWN">
<doc>Closes the current browser.</doc>
<status status="PASS" start="2025-04-21T20:44:44.258215" elapsed="2.123681"/>
</kw>
<doc>get vn express</doc>
<tag>vn express</tag>
<status status="PASS" start="2025-04-21T20:44:42.711584" elapsed="3.670312"/>
</test>
<status status="PASS" start="2025-04-21T20:44:42.106793" elapsed="4.275103"/>
</suite>
<status status="PASS" start="2025-04-21T20:44:42.089852" elapsed="4.292044"/>
</suite>
<statistics>
<total>
<stat pass="1" fail="0" skip="0">All Tests</stat>
</total>
<tag>
<stat pass="1" fail="0" skip="0">vn express</stat>
</tag>
<suite>
<stat pass="1" fail="0" skip="0" id="s1" name="Information">Information</stat>
<stat pass="1" fail="0" skip="0" id="s1-s1" name="Get Info Suite">Information.Get Info Suite</stat>
</suite>
</statistics>
<errors>
</errors>
</robot>
