<?xml version="1.0" encoding="UTF-8"?>
<robot generator="Robot 7.1 (Python 3.12.7 on win32)" generated="2025-04-27T12:29:06.562948" rpa="false" schemaversion="5">
<suite id="s1" name="Information" source="C:\Users\Johny Eren\inkr\test\information">
<suite id="s1-s1" name="Get Info Suite" source="C:\Users\Johny Eren\inkr\test\information\Get_Info_Suite.robot">
<test id="s1-s1-t1" name="Get api market" line="28">
<kw name="Create driver" owner="Utility_Step" type="SETUP">
<kw name="Evaluate" owner="BuiltIn">
<msg time="2025-04-27T12:29:07.213804" level="INFO">${options} = &lt;selenium.webdriver.chrome.options.Options object at 0x000002BD0B1CD8B0&gt;</msg>
<var>${options}</var>
<arg>sys.modules['selenium.webdriver'].ChromeOptions()</arg>
<arg>sys</arg>
<doc>Evaluates the given expression in Python and returns the result.</doc>
<status status="PASS" start="2025-04-27T12:29:07.212804" elapsed="0.001000"/>
</kw>
<kw name="Call Method" owner="BuiltIn">
<arg>${options}</arg>
<arg>add_argument</arg>
<arg>--disable-notifications</arg>
<doc>Calls the named method of the given object with the provided arguments.</doc>
<status status="PASS" start="2025-04-27T12:29:07.213804" elapsed="0.000000"/>
</kw>
<kw name="Call Method" owner="BuiltIn">
<arg>${options}</arg>
<arg>add_argument</arg>
<arg>--disable-infobars</arg>
<doc>Calls the named method of the given object with the provided arguments.</doc>
<status status="PASS" start="2025-04-27T12:29:07.213804" elapsed="0.000000"/>
</kw>
<kw name="Call Method" owner="BuiltIn">
<arg>${options}</arg>
<arg>add_argument</arg>
<arg>--disable-extensions</arg>
<doc>Calls the named method of the given object with the provided arguments.</doc>
<status status="PASS" start="2025-04-27T12:29:07.213804" elapsed="0.000000"/>
</kw>
<kw name="Call Method" owner="BuiltIn">
<arg>${options}</arg>
<arg>add_argument</arg>
<arg>--no-sandbox</arg>
<doc>Calls the named method of the given object with the provided arguments.</doc>
<status status="PASS" start="2025-04-27T12:29:07.213804" elapsed="0.000000"/>
</kw>
<kw name="Call Method" owner="BuiltIn">
<arg>${options}</arg>
<arg>add_argument</arg>
<arg>--headless</arg>
<doc>Calls the named method of the given object with the provided arguments.</doc>
<status status="PASS" start="2025-04-27T12:29:07.213804" elapsed="0.001000"/>
</kw>
<kw name="Call Method" owner="BuiltIn">
<arg>${options}</arg>
<arg>add_argument</arg>
<arg>--disable-dev-shm-usage</arg>
<doc>Calls the named method of the given object with the provided arguments.</doc>
<status status="PASS" start="2025-04-27T12:29:07.214804" elapsed="0.000000"/>
</kw>
<kw name="Create Webdriver" owner="SeleniumLibrary">
<msg time="2025-04-27T12:29:07.214804" level="INFO">Creating an instance of the Chrome WebDriver.</msg>
<arg>Chrome</arg>
<arg>options=${options}</arg>
<doc>Creates an instance of Selenium WebDriver.</doc>
<status status="PASS" start="2025-04-27T12:29:07.214804" elapsed="1.573195"/>
</kw>
<status status="PASS" start="2025-04-27T12:29:07.212804" elapsed="1.575195"/>
</kw>
<kw name="Get api and write data" owner="Home_Step">
<kw name="Create Dictionary" owner="BuiltIn">
<msg time="2025-04-27T12:29:08.789009" level="INFO">${headers} = {'Accepts': 'application/json', 'X-CMC_PRO_API_KEY': 'd892d007-396a-49ba-afef-e82727e5d75a'}</msg>
<var>${headers}</var>
<arg>Accepts</arg>
<arg>application/json</arg>
<arg>X-CMC_PRO_API_KEY</arg>
<arg>d892d007-396a-49ba-afef-e82727e5d75a</arg>
<doc>Creates and returns a dictionary based on the given ``items``.</doc>
<status status="PASS" start="2025-04-27T12:29:08.789009" elapsed="0.000000"/>
</kw>
<kw name="Create Dictionary" owner="BuiltIn">
<msg time="2025-04-27T12:29:08.789009" level="INFO">${params} = {'start': '1', 'limit': '100', 'convert': 'USD'}</msg>
<var>${params}</var>
<arg>start</arg>
<arg>1</arg>
<arg>limit</arg>
<arg>100</arg>
<arg>convert</arg>
<arg>USD</arg>
<doc>Creates and returns a dictionary based on the given ``items``.</doc>
<status status="PASS" start="2025-04-27T12:29:08.789009" elapsed="0.000000"/>
</kw>
<kw name="GET" owner="RequestsLibrary">
<msg time="2025-04-27T12:29:09.346217" level="INFO">GET Request : url=https://pro-api.coinmarketcap.com/v1/cryptocurrency/listings/latest?start=1&amp;limit=100&amp;convert=USD 
 path_url=/v1/cryptocurrency/listings/latest?start=1&amp;limit=100&amp;convert=USD 
 headers={'User-Agent': 'python-requests/2.32.3', 'Accept-Encoding': 'gzip, deflate', 'Accept': '*/*', 'Connection': 'keep-alive', 'Accepts': 'application/json', 'X-CMC_PRO_API_KEY': 'd892d007-396a-49ba-afef-e82727e5d75a'} 
 body=None 
 </msg>
<msg time="2025-04-27T12:29:09.346217" level="INFO">GET Response : url=https://pro-api.coinmarketcap.com/v1/cryptocurrency/listings/latest?start=1&amp;limit=100&amp;convert=USD 
 status=200, reason=OK 
 headers={'Content-Type': 'application/json; charset=utf-8', 'Transfer-Encoding': 'chunked', 'Connection': 'keep-alive', 'Date': 'Sun, 27 Apr 2025 05:29:08 GMT', 'Referrer-Policy': 'origin-when-cross-origin', 'Strict-Transport-Security': 'max-age=31536000; includeSubdomains', 'Server': 'Tengine', 'Vary': 'Accept-Encoding, origin,accept-encoding', 'Cache-Control': 'no-cache', 'Content-Encoding': 'gzip', 'X-Traefik-Route': 'coinmarketcap-pro-apis', 'X-Frame-Options': 'SAMEORIGIN', 'X-Xss-Protection': '1; mode=block', 'X-Content-Type-Options': 'nosniff', 'X-Cache': 'Miss from cloudfront', 'Via': '1.1 e1c9135dda8ed2071b55d3ef1ea6ebda.cloudfront.net (CloudFront)', 'X-Amz-Cf-Pop': 'SGN50-P2', 'X-Amz-Cf-Id': 'skdjmx5yvPRASqTknDrmNvlJC5A6LnZ2KpuxpmbvWtW10ton4wYhHg=='} 
 body={"status":{"timestamp":"2025-04-27T05:29:08.105Z","error_code":0,"error_message":null,"elapsed":28,"credit_count":1,"notice":null,"total_count":9811},"data":[{"id":1,"name":"Bitcoin","symbol":"BTC","slug":"bitcoin","num_market_pairs":12051,"date_added":"2010-07-13T00:00:00.000Z","tags":["mineable","pow","sha-256","store-of-value","state-channel","coinbase-ventures-portfolio","three-arrows-capital-portfolio","polychain-capital-portfolio","binance-labs-portfolio","blockchain-capital-portfolio","boostvc-portfolio","cms-holdings-portfolio","dcg-portfolio","dragonfly-capital-portfolio","electric-capital-portfolio","fabric-ventures-portfolio","framework-ventures-portfolio","galaxy-digital-portfolio","huobi-capital-portfolio","alameda-research-portfolio","a16z-portfolio","1confirmation-portfolio","winklevoss-capital-portfolio","usv-portfolio","placeholder-ventures-portfolio","pantera-capital-portfolio","multicoin-capital-portfolio","paradigm-portfolio","bitcoin-ecosystem","ftx-bankruptcy-estate","2017-2018-alt-season","us-strategic-crypto-reserve"],"max_supply":21000000,"circulating_supply":19856681,"total_supply":19856681,"infinite_supply":false,"platform":null,"cmc_rank":1,"self_reported_circulating_supply":null,"self_reported_market_cap":null,"tvl_ratio":null,"last_updated":"2025-04-27T05:27:00.000Z","quote":{"USD":{"price":93809.1252006839,"volume_24h":18119126159.307182,"volume_change_24h":-51.2424,"percent_change_1h":-0.47550567,"percent_change_24h":-0.72639109,"percent_change_7d":10.16292747,"percent_change_30d":9.00297674,"percent_change_60d":5.71213041,"percent_change_90d":-6.47982491,"market_cap":1862737873999.0413,"market_cap_dominance":63.3074,"fully_diluted_market_cap":1969991629214.36,"tvl":null,"last_updated":"2025-04-27T05:27:00.000Z"}}},{"id":1027,"name":"Ethereum","symbol":"ETH","slug":"ethereum","num_market_pairs":10150,"date_added":"2015-08-07T00:00:00.000Z","tags":["pos","smart-contracts","ethereum-ecosystem","coinbase-ventures-portfolio","three-arrows-capital-portfolio","polychain-capital-portfolio","binance-labs-portfolio","blockchain-capital-portfolio","boostvc-portfolio","cms-holdings-portfolio","dcg-portfolio","dragonfly-capital-portfolio","electric-capital-portfolio","fabric-ventures-portfolio","framework-ventures-portfolio","hashkey-capital-portfolio","kenetic-capital-portfolio","huobi-capital-portfolio","alameda-research-portfolio","a16z-portfolio","1confirmation-portfolio","winklevoss-capital-portfolio","usv-portfolio","placeholder-ventures-portfolio","pantera-capital-portfolio","multicoin-capital-portfolio","paradigm-portfolio","ethereum-pow-ecosystem","layer-1","ftx-bankruptcy-estate","sora-ecosystem","rsk-rbtc-ecosystem","world-liberty-financial-portfolio","us-strategic-crypto-reserve"],"max_supply":null,"circulating_supply":120722857.15506507,"total_supply":120722857.15506507,"infinite_supply":true,"platform":null,"cmc_rank":2,"self_reported_circulating_supply":null,"self_reported_market_cap":null,"tvl_ratio":null,"last_updated":"2025-04-27T05:27:00.000Z","quote":{"USD":{"price":1793.650355884815,"volume_24h":10996600580.41643,"volume_change_24h":-32.5006,"percent_change_1h":-0.86400937,"percent_change_24h":0.13739906,"percent_change_7d":11.04194474,"percent_change_30d":-6.61457072,"percent_change_60d":-27.83863019,"percent_change_90d":-43.09354423,"market_cap":216534595699.61417,"market_cap_dominance":7.3592,"fully_diluted_market_cap":216534595699.61,"tvl":null,"last_updated":"2025-04-27T05:27:00.000Z"}}},{"id":825,"name":"Tether USDt","symbol":"USDT","slug":"tether","num_market_pairs":125615,"date_added":"2015-02-25T00:00:00.000Z","tags":["stablecoin","asset-backed-stablecoin","usd-stablecoin","ethereum-pow-ecosystem","fiat-stablecoin","tron20-ecosystem","rsk-rbtc-ecosystem","world-liberty-financial-portfolio"],"max_supply":null,"circulating_supply":147128417471.413,"total_supply":148515312817.68274,"platform":{"id":1027,"name":"Ethereum","symbol":"ETH","slug":"ethereum","token_address":"0xdac17f958d2ee523a2206206994597c13d831ec7"},"infinite_supply":true,"cmc_rank":3,"self_reported_circulating_supply":null,"self_reported_market_cap":null,"tvl_ratio":null,"last_updated":"2025-04-27T05:26:00.000Z","quote":{"USD":{"price":1.000468361072486,"volume_24h":52011761448.73928,"volume_change_24h":-35.3085,"percent_change_1h":0.01413397,"percent_change_24h":0.00333293,"percent_change_7d":0.05707119,"percent_change_30d":0.07673436,"percent_change_60d":0.17357487,"percent_change_90d":0.09357509,"market_cap":147197326694.81308,"market_cap_dominance":4.995,"fully_diluted_market_cap":148584871608.87,"tvl":null,"last_updated":"2025-04-27T05:26:00.000Z"}}},{"id":52,"name":"XRP","symbol":"XRP","slug":"xrp","num_market_pairs":1594,"date_added":"2013-08-04T00:00:00.000Z","tags":["medium-of-exchange","enterprise-solutions","xrp-ecosystem","arrington-xrp-capital-portfolio","galaxy-digital-portfolio","a16z-portfolio","pantera-capital-portfolio","ftx-bankruptcy-estate","2017-2018-alt-season","klaytn-ecosystem","made-in-america","us-strategic-crypto-reserve"],"max_supply":100000000000,"circulating_supply":58444738299,"total_supply":99986207937,"infinite_supply":false,"platform":null,"cmc_rank":4,"self_reported_circulating_supply":null,"self_reported_market_cap":null,"tvl_ratio":null,"last_updated":"2025-04-27T05:27:00.000Z","quote":{"USD":{"price":2.1689688532104654,"volume_24h":2697968693.713123,"volume_change_24h":-12.5455,"percent_change_1h":-0.35746805,"percent_change_24h":-0.80129924,"percent_change_7d":3.99210548,"percent_change_30d":-4.23543398,"percent_change_60d":-5.53081378,"percent_change_90d":-26.28739429,"market_cap":126764817004.5678,"market_cap_dominance":4.3083,"fully_diluted_market_cap":216896885321.05,"tvl":null,"last_updated":"2025-04-27T05:27:00.000Z"}}},{"id":1839,"name":"BNB","symbol":"BNB","slug":"bnb","num_market_pairs":2496,"date_added":"2017-07-25T00:00:00.000Z","tags":["marketplace","centralized-exchange","payments","smart-contracts","alameda-research-portfolio","multicoin-capital-portfolio","bnb-chain-ecosystem","layer-1","alleged-sec-securities","celsius-bankruptcy-estate"],"max_supply":null,"circulating_supply":140890378.71,"total_supply":140890378.71,"infinite_supply":false,"platform":null,"cmc_rank":5,"self_reported_circulating_supply":null,"self_reported_market_cap":null,"tvl_ratio":null,"last_updated":"2025-04-27T05:27:00.000Z","quote":{"USD":{"price":599.1304007689533,"volume_24h":1508976026.9052622,"volume_change_24h":-12.6754,"percent_change_1h":-0.49132714,"percent_change_24h":-0.31436118,"percent_change_7d":0.84030729,"percent_change_30d":-5.11591262,"percent_change_60d":-4.01083977,"percent_change_90d":-8.18483291,"market_cap":84411709061.01192,"market_cap_dominance":2.8688,"fully_diluted_market_cap":84411709061.01,"tvl":null,"last_updated":"2025-04-27T05:27:00.000Z"}}},{"id":5426,"name":"Solana","symbol":"SOL","slug":"solana","num_market_pairs":902,"date_added":"2020-04-10T00:00:00.000Z","tags":["pos","platform","solana-ecosystem","cms-holdings-portfolio","kenetic-capital-portfolio","alameda-research-portfolio","multicoin-capital-portfolio","okx-ventures-portfolio","layer-1","ftx-bankruptcy-estate","alleged-sec-securities","cmc-crypto-awards-2024","made-in-america","us-strategic-crypto-reserve"],"max_supply":null,"circulating_supply":517553342.82346416,"total_supply":599470251.8679062,"infinite_supply":true,"platform":null,"cmc_rank":6,"self_reported_circulating_supply":null,"self_reported_market_cap":null,"tvl_ratio":null,"last_updated":"2025-04-27T05:27:00.000Z","quote":{"USD":{"price":145.95870481341896,"volume_24h":2269406779.9234676,"volume_change_24h":-45.8564,"percent_change_1h":-1.12624248,"percent_change_24h":-2.91411508,"percent_change_7d":3.57286267,"percent_change_30d":9.04331988,"percent_change_60d":2.36526968,"percent_change_90d":-36.80694185,"market_cap":75541415590.36823,"market_cap_dominance":2.5674,"fully_diluted_market_cap":87497901536.81,"tvl":null,"last_updated":"2025-04-27T05:27:00.000Z"}}},{"id":3408,"name":"USDC","symbol":"USDC","slug":"usd-coin","num_market_pairs":27402,"date_added":"2018-10-08T00:00:00.000Z","tags":["medium-of-exchange","stablecoin","asset-backed-stablecoin","coinbase-ventures-portfolio","usd-stablecoin","ethereum-pow-ecosystem","fiat-stablecoin","tron20-ecosystem","made-in-america","world-liberty-financial-portfolio"],"max_supply":null,"circulating_supply":62207245403.875565,"total_supply":62207245403.875565,"platform":{"id":1027,"name":"Ethereum","symbol":"ETH","slug":"ethereum","token_address":"0xa0b86991c6218b36c1d19d4a2e9eb0ce3606eb48"},"infinite_supply":false,"cmc_rank":7,"self_reported_circulating_supply":null,"self_reported_market_cap":null,"tvl_ratio":null,"last_updated":"2025-04-27T05:27:00.000Z","quote":{"USD":{"price":1.00023641491168,"volume_24h":7068426634.610472,"volume_change_24h":-43.4797,"percent_change_1h":0.01537856,"percent_change_24h":0.04357531,"percent_change_7d":0.03113628,"percent_change_30d":0.02598468,"percent_change_60d":0.03573011,"percent_change_90d":0.0323883,"market_cap":62221952124.30358,"market_cap_dominance":2.1147,"fully_diluted_market_cap":62221952124.3,"tvl":null,"last_updated":"2025-04-27T05:27:00.000Z"}}},{"id":74,"name":"Dogecoin","symbol":"DOGE","slug":"dogecoin","num_market_pairs":1209,"date_added":"2013-12-15T00:00:00.000Z","tags":["mineable","pow","scrypt","medium-of-exchange","memes","payments","doggone-doggerel","ftx-bankruptcy-estate","animal-memes","made-in-america"],"max_supply":null,"circulating_supply":149022256383.7052,"total_supply":149022256383.7052,"infinite_supply":true,"platform":null,"cmc_rank":8,"self_reported_circulating_supply":null,"self_reported_market_cap":null,"tvl_ratio":null,"last_updated":"2025-04-27T05:27:00.000Z","quote":{"USD":{"price":0.17749462181279238,"volume_24h":1247186550.8885407,"volume_change_24h":-37.1402,"percent_change_1h":-1.1992911,"percent_change_24h":-4.36370477,"percent_change_7d":11.66181373,"percent_change_30d":-3.74909224,"percent_c... (set the log level to DEBUG or TRACE to see the full content) 
 </msg>
<msg time="2025-04-27T12:29:09.347202" level="INFO">${response} = &lt;Response [200]&gt;</msg>
<var>${response}</var>
<arg>https://pro-api.coinmarketcap.com/v1/cryptocurrency/listings/latest</arg>
<arg>headers=${headers}</arg>
<arg>params=${params}</arg>
<arg>expected_status=200</arg>
<doc>Sends a GET request.</doc>
<status status="PASS" start="2025-04-27T12:29:08.789009" elapsed="0.558193"/>
</kw>
<kw name="Get From Dictionary" owner="Collections">
<msg time="2025-04-27T12:29:09.350122" level="INFO">${data} = [{'id': 1, 'name': 'Bitcoin', 'symbol': 'BTC', 'slug': 'bitcoin', 'num_market_pairs': 12051, 'date_added': '2010-07-13T00:00:00.000Z', 'tags': ['mineable', 'pow', 'sha-256', 'store-of-value', 'state-c...</msg>
<var>${data}</var>
<arg>${response.json()}</arg>
<arg>data</arg>
<doc>Returns a value from the given ``dictionary`` based on the given ``key``.</doc>
<status status="PASS" start="2025-04-27T12:29:09.347202" elapsed="0.002920"/>
</kw>
<kw name="Get Today" owner="DateTimeLibrary">
<msg time="2025-04-27T12:29:09.350122" level="INFO">${sheet_name} = 27-04-2025-4mARA7</msg>
<var>${sheet_name}</var>
<status status="PASS" start="2025-04-27T12:29:09.350122" elapsed="0.000000"/>
</kw>
<kw name="Write Api Response To Excel" owner="CustomExcelLibrary">
<arg>${COIN_MARKET}</arg>
<arg>${sheet_name}</arg>
<arg>${data}</arg>
<doc>Writes API response data to an Excel file with all keys as headers and values as rows.
Specifically handles 'quote' dictionary by separating it into multiple columns.</doc>
<status status="PASS" start="2025-04-27T12:29:09.351122" elapsed="0.321552"/>
</kw>
<kw name="Clean Coin Market Data" owner="CustomExcelLibrary">
<arg>${COIN_MARKET}</arg>
<doc>Cleans the coin market data Excel file by:
1. Removing 'quote_USD_' prefix from column headers
2. Converting formatted values (with $, %) to plain float numbers
3. Formatting all numeric values to have a consistent number of decimal places</doc>
<status status="PASS" start="2025-04-27T12:29:09.673683" elapsed="0.239404"/>
</kw>
<kw name="Generate Coin Market Charts" owner="CustomExcelLibrary">
<arg>${COIN_MARKET}</arg>
<arg>${COIN_MARKET_CHART}</arg>
<arg>${sheet_name}</arg>
<doc>Generates charts from coin market data and saves them to a new Excel file.
Displays all percentage values as decimal numbers (not in percentage format).</doc>
<status status="PASS" start="2025-04-27T12:29:09.913087" elapsed="0.158954"/>
</kw>
<status status="PASS" start="2025-04-27T12:29:08.787999" elapsed="1.284042"/>
</kw>
<kw name="Close Browser" owner="SeleniumLibrary" type="TEARDOWN">
<doc>Closes the current browser.</doc>
<status status="PASS" start="2025-04-27T12:29:10.073043" elapsed="2.132024"/>
</kw>
<doc>coin market</doc>
<tag>coin market</tag>
<status status="PASS" start="2025-04-27T12:29:07.211802" elapsed="4.993265"/>
</test>
<status status="PASS" start="2025-04-27T12:29:06.588731" elapsed="5.618354"/>
</suite>
<status status="PASS" start="2025-04-27T12:29:06.563950" elapsed="5.644139"/>
</suite>
<statistics>
<total>
<stat pass="1" fail="0" skip="0">All Tests</stat>
</total>
<tag>
<stat pass="1" fail="0" skip="0">coin market</stat>
</tag>
<suite>
<stat pass="1" fail="0" skip="0" id="s1" name="Information">Information</stat>
<stat pass="1" fail="0" skip="0" id="s1-s1" name="Get Info Suite">Information.Get Info Suite</stat>
</suite>
</statistics>
<errors>
</errors>
</robot>
