<?xml version="1.0" encoding="UTF-8"?>
<robot generator="Robot 5.0 (Python 3.8.7 on win32)" generated="20220515 01:51:23.429" rpa="false" schemaversion="3">
<suite id="s1" name="Test" source="D:\New folder (3)\inkr\test">
<suite id="s1-s1" name="Test Search Reading List Suite" source="D:\New folder (3)\inkr\test\test_search_reading_list_suite.robot">
<test id="s1-s1-t1" name="TC001_Search_Reading_List_By_Search_Text_Category_Release_Status_And_Age" line="10">
<kw name="Login To Application" library="login_page">
<kw name="Open Web Application" library="common">
<kw name="Join Path" library="OperatingSystem">
<var>${path}</var>
<arg>D:\\New folder (3)\\inkr\\page</arg>
<arg>../test/webdriver/chromedriver.exe</arg>
<doc>Joins the given path part(s) to the given base path.</doc>
<msg timestamp="20220515 01:51:23.635" level="INFO">${path} = D:\New folder (3)\inkr\test\webdriver\chromedriver.exe</msg>
<status status="PASS" starttime="20220515 01:51:23.635" endtime="20220515 01:51:23.635"/>
</kw>
<kw name="Create Webdriver" library="Selenium2Library">
<arg>Chrome</arg>
<arg>executable_path=${path}</arg>
<doc>Creates an instance of Selenium WebDriver.</doc>
<msg timestamp="20220515 01:51:23.635" level="INFO">Creating an instance of the Chrome WebDriver.</msg>
<status status="PASS" starttime="20220515 01:51:23.635" endtime="20220515 01:51:24.919"/>
</kw>
<kw name="Go To" library="Selenium2Library">
<arg>${url}</arg>
<doc>Navigates the current browser window to the provided ``url``.</doc>
<msg timestamp="20220515 01:51:24.919" level="INFO">Opening url 'https://inkr.com'</msg>
<status status="PASS" starttime="20220515 01:51:24.919" endtime="20220515 01:51:26.955"/>
</kw>
<kw name="Maximize Browser Window" library="Selenium2Library">
<doc>Maximizes current browser window.</doc>
<status status="PASS" starttime="20220515 01:51:26.956" endtime="20220515 01:51:27.123"/>
</kw>
<status status="PASS" starttime="20220515 01:51:23.634" endtime="20220515 01:51:27.123"/>
</kw>
<kw name="Wait Until Page Contains Element" library="Selenium2Library">
<arg>${btn_signin}</arg>
<doc>Waits until the element ``locator`` appears on the current page.</doc>
<status status="PASS" starttime="20220515 01:51:27.123" endtime="20220515 01:51:27.170"/>
</kw>
<kw name="Click Element" library="Selenium2Library">
<arg>${btn_signin}</arg>
<doc>Click the element identified by ``locator``.</doc>
<msg timestamp="20220515 01:51:27.170" level="INFO">Clicking element '//span[contains(text(), 'Sign in')]'.</msg>
<status status="PASS" starttime="20220515 01:51:27.170" endtime="20220515 01:51:27.439"/>
</kw>
<kw name="Input Text" library="Selenium2Library">
<arg>${email_edit_text}</arg>
<arg>${email}</arg>
<doc>Types the given ``text`` into the text field identified by ``locator``.</doc>
<msg timestamp="20220515 01:51:27.439" level="INFO">Typing text 'quochuy13se02@gmail.com' into text field '//input[@type='email']'.</msg>
<status status="PASS" starttime="20220515 01:51:27.439" endtime="20220515 01:51:29.211"/>
</kw>
<kw name="Click Element" library="Selenium2Library">
<arg>${btn_continue}</arg>
<doc>Click the element identified by ``locator``.</doc>
<msg timestamp="20220515 01:51:29.211" level="INFO">Clicking element '//button[@type='submit']'.</msg>
<status status="PASS" starttime="20220515 01:51:29.211" endtime="20220515 01:51:29.727"/>
</kw>
<kw name="Wait Until Page Contains Element" library="Selenium2Library">
<arg>${password_edit_text}</arg>
<doc>Waits until the element ``locator`` appears on the current page.</doc>
<status status="PASS" starttime="20220515 01:51:29.727" endtime="20220515 01:51:30.625"/>
</kw>
<kw name="Input Text" library="Selenium2Library">
<arg>${password_edit_text}</arg>
<arg>${password}</arg>
<doc>Types the given ``text`` into the text field identified by ``locator``.</doc>
<msg timestamp="20220515 01:51:30.626" level="INFO">Typing text 'inkr$1395$' into text field '//input[@type='password']'.</msg>
<status status="PASS" starttime="20220515 01:51:30.625" endtime="20220515 01:51:30.712"/>
</kw>
<kw name="Click Element" library="Selenium2Library">
<arg>${btn_login}</arg>
<doc>Click the element identified by ``locator``.</doc>
<msg timestamp="20220515 01:51:30.712" level="INFO">Clicking element '//span[contains(text(), 'Login')]'.</msg>
<status status="PASS" starttime="20220515 01:51:30.712" endtime="20220515 01:51:30.760"/>
</kw>
<kw name="Sleep" library="BuiltIn">
<arg>1s</arg>
<doc>Pauses the test executed for the given time.</doc>
<msg timestamp="20220515 01:51:31.775" level="INFO">Slept 1 second</msg>
<status status="PASS" starttime="20220515 01:51:30.760" endtime="20220515 01:51:31.775"/>
</kw>
<status status="PASS" starttime="20220515 01:51:23.634" endtime="20220515 01:51:31.775"/>
</kw>
<kw name="Close All Browsers" library="Selenium2Library" type="TEARDOWN">
<doc>Closes all open browsers and resets the browser cache.</doc>
<status status="PASS" starttime="20220515 01:51:31.775" endtime="20220515 01:51:33.934"/>
</kw>
<status status="PASS" starttime="20220515 01:51:23.633" endtime="20220515 01:51:33.936"/>
</test>
<status status="PASS" starttime="20220515 01:51:23.450" endtime="20220515 01:51:33.941"/>
</suite>
<status status="PASS" starttime="20220515 01:51:23.430" endtime="20220515 01:51:33.947"/>
</suite>
<statistics>
<total>
<stat pass="1" fail="0" skip="0">All Tests</stat>
</total>
<tag>
</tag>
<suite>
<stat pass="1" fail="0" skip="0" id="s1" name="Test">Test</stat>
<stat pass="1" fail="0" skip="0" id="s1-s1" name="Test Search Reading List Suite">Test.Test Search Reading List Suite</stat>
</suite>
</statistics>
<errors>
</errors>
</robot>
