<?xml version="1.0" encoding="UTF-8"?>
<robot generator="Robot 5.0 (Python 3.8.7 on win32)" generated="20220514 22:02:51.757" rpa="false" schemaversion="3">
<suite id="s1" name="Test Search Reading List Suite" source="D:\todoist_exam-master\test\test_search_reading_list_suite.robot">
<test id="s1-t1" name="TC001_Search_Reading_List_By_Search_Text_Category_Release_Status_And_Age" line="10">
<kw name="Login To Application" library="login_page" type="SETUP">
<kw name="Open Web Application" library="common">
<kw name="Join Path" library="OperatingSystem">
<var>${path}</var>
<arg>D:\\todoist_exam-master\\page</arg>
<arg>../test/webdriver/chromedriver.exe</arg>
<doc>Joins the given path part(s) to the given base path.</doc>
<msg timestamp="20220514 22:02:51.966" level="INFO">${path} = D:\todoist_exam-master\test\webdriver\chromedriver.exe</msg>
<status status="PASS" starttime="20220514 22:02:51.966" endtime="20220514 22:02:51.966"/>
</kw>
<kw name="Create Webdriver" library="Selenium2Library">
<arg>Chrome</arg>
<arg>executable_path=${path}</arg>
<doc>Creates an instance of Selenium WebDriver.</doc>
<msg timestamp="20220514 22:02:51.966" level="INFO">Creating an instance of the Chrome WebDriver.</msg>
<status status="PASS" starttime="20220514 22:02:51.966" endtime="20220514 22:02:53.192"/>
</kw>
<kw name="Go To" library="Selenium2Library">
<arg>${url}</arg>
<doc>Navigates the current browser window to the provided ``url``.</doc>
<msg timestamp="20220514 22:02:53.193" level="INFO">Opening url 'https://inkr.com'</msg>
<status status="PASS" starttime="20220514 22:02:53.193" endtime="20220514 22:02:55.536"/>
</kw>
<kw name="Maximize Browser Window" library="Selenium2Library">
<doc>Maximizes current browser window.</doc>
<status status="PASS" starttime="20220514 22:02:55.537" endtime="20220514 22:02:55.703"/>
</kw>
<status status="PASS" starttime="20220514 22:02:51.965" endtime="20220514 22:02:55.703"/>
</kw>
<kw name="Wait Until Page Contains Element" library="Selenium2Library">
<arg>${btn_signin}</arg>
<doc>Waits until the element ``locator`` appears on the current page.</doc>
<status status="PASS" starttime="20220514 22:02:55.703" endtime="20220514 22:02:56.000"/>
</kw>
<kw name="Click Element" library="Selenium2Library">
<arg>${btn_signin}</arg>
<doc>Click the element identified by ``locator``.</doc>
<msg timestamp="20220514 22:02:56.002" level="INFO">Clicking element '//span[contains(text(), 'Sign in')]'.</msg>
<status status="PASS" starttime="20220514 22:02:56.001" endtime="20220514 22:02:56.263"/>
</kw>
<kw name="Input Text" library="Selenium2Library">
<arg>${email_edit_text}</arg>
<arg>${email}</arg>
<doc>Types the given ``text`` into the text field identified by ``locator``.</doc>
<msg timestamp="20220514 22:02:56.264" level="INFO">Typing text 'quochuy13se02@gmail.com' into text field '//input[@type='email']'.</msg>
<status status="PASS" starttime="20220514 22:02:56.263" endtime="20220514 22:02:58.590"/>
</kw>
<kw name="Click Element" library="Selenium2Library">
<arg>${btn_continue}</arg>
<doc>Click the element identified by ``locator``.</doc>
<msg timestamp="20220514 22:02:58.591" level="INFO">Clicking element '//button[@type='submit']'.</msg>
<status status="PASS" starttime="20220514 22:02:58.591" endtime="20220514 22:02:58.657"/>
</kw>
<kw name="Wait Until Page Contains Element" library="Selenium2Library">
<arg>${password_edit_text}</arg>
<doc>Waits until the element ``locator`` appears on the current page.</doc>
<status status="PASS" starttime="20220514 22:02:58.657" endtime="20220514 22:02:59.546"/>
</kw>
<kw name="Input Text" library="Selenium2Library">
<arg>${password_edit_text}</arg>
<arg>${password}</arg>
<doc>Types the given ``text`` into the text field identified by ``locator``.</doc>
<msg timestamp="20220514 22:02:59.547" level="INFO">Typing text 'inkr$1395$' into text field '//input[@type='password']'.</msg>
<status status="PASS" starttime="20220514 22:02:59.546" endtime="20220514 22:02:59.632"/>
</kw>
<kw name="Click Element" library="Selenium2Library">
<arg>${btn_login}</arg>
<doc>Click the element identified by ``locator``.</doc>
<msg timestamp="20220514 22:02:59.632" level="INFO">Clicking element '//span[contains(text(), 'Login')]'.</msg>
<status status="PASS" starttime="20220514 22:02:59.632" endtime="20220514 22:02:59.684"/>
</kw>
<kw name="Sleep" library="BuiltIn">
<arg>1s</arg>
<doc>Pauses the test executed for the given time.</doc>
<msg timestamp="20220514 22:03:00.693" level="INFO">Slept 1 second</msg>
<status status="PASS" starttime="20220514 22:02:59.684" endtime="20220514 22:03:00.693"/>
</kw>
<status status="PASS" starttime="20220514 22:02:51.965" endtime="20220514 22:03:00.693"/>
</kw>
<kw name="Search And Filter Reading List" library="search_and_filter_page">
<arg>baby</arg>
<arg>manga</arg>
<arg>completed</arg>
<arg>teen</arg>
<kw name="Replace String" library="String">
<var>${search_url}</var>
<arg>${search_url_locator}</arg>
<arg>{search_text}</arg>
<arg>${search_text_param}</arg>
<doc>Replaces ``search_for`` in the given ``string`` with ``replace_with``.</doc>
<msg timestamp="20220514 22:03:00.695" level="INFO">${search_url} = https://inkr.com/search?text=baby</msg>
<status status="PASS" starttime="20220514 22:03:00.694" endtime="20220514 22:03:00.695"/>
</kw>
<kw name="Go To" library="Selenium2Library">
<arg>${search_url}</arg>
<doc>Navigates the current browser window to the provided ``url``.</doc>
<msg timestamp="20220514 22:03:00.695" level="INFO">Opening url 'https://inkr.com/search?text=baby'</msg>
<status status="PASS" starttime="20220514 22:03:00.695" endtime="20220514 22:03:02.291"/>
</kw>
<kw name="Sleep" library="BuiltIn">
<arg>2s</arg>
<doc>Pauses the test executed for the given time.</doc>
<msg timestamp="20220514 22:03:04.297" level="INFO">Slept 2 seconds</msg>
<status status="PASS" starttime="20220514 22:03:02.291" endtime="20220514 22:03:04.297"/>
</kw>
<kw name="Run Keyword And Return Status" library="BuiltIn">
<var>${status}</var>
<arg>Page Should Contain Element</arg>
<arg>${btn_turn_off_notification}</arg>
<doc>Runs the given keyword with given arguments and returns the status as a Boolean value.</doc>
<kw name="Page Should Contain Element" library="Selenium2Library">
<arg>${btn_turn_off_notification}</arg>
<doc>Verifies that element ``locator`` is found on the current page.</doc>
<msg timestamp="20220514 22:03:04.313" level="INFO">Current page contains element '//span[contains(text(), "Not now")]'.</msg>
<status status="PASS" starttime="20220514 22:03:04.297" endtime="20220514 22:03:04.313"/>
</kw>
<msg timestamp="20220514 22:03:04.313" level="INFO">${status} = True</msg>
<status status="PASS" starttime="20220514 22:03:04.297" endtime="20220514 22:03:04.313"/>
</kw>
<kw name="Run Keyword If" library="BuiltIn">
<arg>'${status}'=='True'</arg>
<arg>Click Element</arg>
<arg>${btn_turn_off_notification}</arg>
<doc>Runs the given keyword with the given arguments, if ``condition`` is true.</doc>
<kw name="Click Element" library="Selenium2Library">
<arg>${btn_turn_off_notification}</arg>
<doc>Click the element identified by ``locator``.</doc>
<msg timestamp="20220514 22:03:04.314" level="INFO">Clicking element '//span[contains(text(), "Not now")]'.</msg>
<status status="PASS" starttime="20220514 22:03:04.314" endtime="20220514 22:03:04.371"/>
</kw>
<status status="PASS" starttime="20220514 22:03:04.314" endtime="20220514 22:03:04.371"/>
</kw>
<kw name="Wait Until Page Contains Element" library="Selenium2Library">
<arg>${manga_filter_locator}</arg>
<doc>Waits until the element ``locator`` appears on the current page.</doc>
<status status="PASS" starttime="20220514 22:03:04.371" endtime="20220514 22:03:04.409"/>
</kw>
<kw name="Choose Filter Option" library="search_and_filter_page">
<arg>${category}</arg>
<arg>${release_status}</arg>
<arg>${age}</arg>
<kw name="Create List" library="BuiltIn">
<var>@{list_filter}</var>
<arg>${filter_01}</arg>
<arg>${filer_02}</arg>
<arg>${filter_03}</arg>
<doc>Returns a list containing given items.</doc>
<msg timestamp="20220514 22:03:04.412" level="INFO">@{list_filter} = [ manga | completed | teen ]</msg>
<status status="PASS" starttime="20220514 22:03:04.410" endtime="20220514 22:03:04.413"/>
</kw>
<for flavor="IN">
<var>${filter}</var>
<value>@{list_filter}</value>
<iter>
<var name="${filter}">manga</var>
<kw name="Replace String" library="String">
<var>${locator_filter_param}</var>
<arg>${filter_param_locator}</arg>
<arg>{filter_param}</arg>
<arg>${filter}</arg>
<doc>Replaces ``search_for`` in the given ``string`` with ``replace_with``.</doc>
<msg timestamp="20220514 22:03:04.413" level="INFO">${locator_filter_param} = //input[@value="manga"]</msg>
<status status="PASS" starttime="20220514 22:03:04.413" endtime="20220514 22:03:04.413"/>
</kw>
<kw name="Click Element" library="Selenium2Library">
<arg>${locator_filter_param}</arg>
<doc>Click the element identified by ``locator``.</doc>
<msg timestamp="20220514 22:03:04.414" level="INFO">Clicking element '//input[@value="manga"]'.</msg>
<status status="PASS" starttime="20220514 22:03:04.413" endtime="20220514 22:03:04.780"/>
</kw>
<kw name="Sleep" library="BuiltIn">
<arg>1s</arg>
<doc>Pauses the test executed for the given time.</doc>
<msg timestamp="20220514 22:03:05.788" level="INFO">Slept 1 second</msg>
<status status="PASS" starttime="20220514 22:03:04.780" endtime="20220514 22:03:05.788"/>
</kw>
<status status="PASS" starttime="20220514 22:03:04.413" endtime="20220514 22:03:05.788"/>
</iter>
<iter>
<var name="${filter}">completed</var>
<kw name="Replace String" library="String">
<var>${locator_filter_param}</var>
<arg>${filter_param_locator}</arg>
<arg>{filter_param}</arg>
<arg>${filter}</arg>
<doc>Replaces ``search_for`` in the given ``string`` with ``replace_with``.</doc>
<msg timestamp="20220514 22:03:05.788" level="INFO">${locator_filter_param} = //input[@value="completed"]</msg>
<status status="PASS" starttime="20220514 22:03:05.788" endtime="20220514 22:03:05.788"/>
</kw>
<kw name="Click Element" library="Selenium2Library">
<arg>${locator_filter_param}</arg>
<doc>Click the element identified by ``locator``.</doc>
<msg timestamp="20220514 22:03:05.789" level="INFO">Clicking element '//input[@value="completed"]'.</msg>
<status status="PASS" starttime="20220514 22:03:05.788" endtime="20220514 22:03:05.924"/>
</kw>
<kw name="Sleep" library="BuiltIn">
<arg>1s</arg>
<doc>Pauses the test executed for the given time.</doc>
<msg timestamp="20220514 22:03:06.928" level="INFO">Slept 1 second</msg>
<status status="PASS" starttime="20220514 22:03:05.924" endtime="20220514 22:03:06.928"/>
</kw>
<status status="PASS" starttime="20220514 22:03:05.788" endtime="20220514 22:03:06.928"/>
</iter>
<iter>
<var name="${filter}">teen</var>
<kw name="Replace String" library="String">
<var>${locator_filter_param}</var>
<arg>${filter_param_locator}</arg>
<arg>{filter_param}</arg>
<arg>${filter}</arg>
<doc>Replaces ``search_for`` in the given ``string`` with ``replace_with``.</doc>
<msg timestamp="20220514 22:03:06.929" level="INFO">${locator_filter_param} = //input[@value="teen"]</msg>
<status status="PASS" starttime="20220514 22:03:06.928" endtime="20220514 22:03:06.929"/>
</kw>
<kw name="Click Element" library="Selenium2Library">
<arg>${locator_filter_param}</arg>
<doc>Click the element identified by ``locator``.</doc>
<msg timestamp="20220514 22:03:06.929" level="INFO">Clicking element '//input[@value="teen"]'.</msg>
<status status="PASS" starttime="20220514 22:03:06.929" endtime="20220514 22:03:07.040"/>
</kw>
<kw name="Sleep" library="BuiltIn">
<arg>1s</arg>
<doc>Pauses the test executed for the given time.</doc>
<msg timestamp="20220514 22:03:08.044" level="INFO">Slept 1 second</msg>
<status status="PASS" starttime="20220514 22:03:07.040" endtime="20220514 22:03:08.044"/>
</kw>
<status status="PASS" starttime="20220514 22:03:06.928" endtime="20220514 22:03:08.044"/>
</iter>
<status status="PASS" starttime="20220514 22:03:04.413" endtime="20220514 22:03:08.044"/>
</for>
<status status="PASS" starttime="20220514 22:03:04.409" endtime="20220514 22:03:08.044"/>
</kw>
<kw name="Get Information Of Book" library="search_and_filter_page">
<var>${list_information}</var>
<kw name="Get Element Count" library="Selenium2Library">
<var>${count}</var>
<arg>${count_reading_list_locator}</arg>
<doc>Returns the number of elements matching ``locator``.</doc>
<msg timestamp="20220514 22:03:08.055" level="INFO">${count} = 12</msg>
<status status="PASS" starttime="20220514 22:03:08.044" endtime="20220514 22:03:08.055"/>
</kw>
<kw name="Create List" library="BuiltIn">
<var>${listIndex}</var>
<doc>Returns a list containing given items.</doc>
<msg timestamp="20220514 22:03:08.055" level="INFO">${listIndex} = []</msg>
<status status="PASS" starttime="20220514 22:03:08.055" endtime="20220514 22:03:08.055"/>
</kw>
<for flavor="IN RANGE">
<var>${index}</var>
<value>${count}</value>
<iter>
<var name="${index}">0</var>
<kw name="Append To List" library="Collections">
<arg>${listIndex}</arg>
<arg>${index}</arg>
<doc>Adds ``values`` to the end of ``list``.</doc>
<status status="PASS" starttime="20220514 22:03:08.055" endtime="20220514 22:03:08.056"/>
</kw>
<status status="PASS" starttime="20220514 22:03:08.055" endtime="20220514 22:03:08.056"/>
</iter>
<iter>
<var name="${index}">1</var>
<kw name="Append To List" library="Collections">
<arg>${listIndex}</arg>
<arg>${index}</arg>
<doc>Adds ``values`` to the end of ``list``.</doc>
<status status="PASS" starttime="20220514 22:03:08.056" endtime="20220514 22:03:08.056"/>
</kw>
<status status="PASS" starttime="20220514 22:03:08.056" endtime="20220514 22:03:08.056"/>
</iter>
<iter>
<var name="${index}">2</var>
<kw name="Append To List" library="Collections">
<arg>${listIndex}</arg>
<arg>${index}</arg>
<doc>Adds ``values`` to the end of ``list``.</doc>
<status status="PASS" starttime="20220514 22:03:08.056" endtime="20220514 22:03:08.056"/>
</kw>
<status status="PASS" starttime="20220514 22:03:08.056" endtime="20220514 22:03:08.056"/>
</iter>
<iter>
<var name="${index}">3</var>
<kw name="Append To List" library="Collections">
<arg>${listIndex}</arg>
<arg>${index}</arg>
<doc>Adds ``values`` to the end of ``list``.</doc>
<status status="PASS" starttime="20220514 22:03:08.056" endtime="20220514 22:03:08.057"/>
</kw>
<status status="PASS" starttime="20220514 22:03:08.056" endtime="20220514 22:03:08.057"/>
</iter>
<iter>
<var name="${index}">4</var>
<kw name="Append To List" library="Collections">
<arg>${listIndex}</arg>
<arg>${index}</arg>
<doc>Adds ``values`` to the end of ``list``.</doc>
<status status="PASS" starttime="20220514 22:03:08.057" endtime="20220514 22:03:08.057"/>
</kw>
<status status="PASS" starttime="20220514 22:03:08.057" endtime="20220514 22:03:08.057"/>
</iter>
<iter>
<var name="${index}">5</var>
<kw name="Append To List" library="Collections">
<arg>${listIndex}</arg>
<arg>${index}</arg>
<doc>Adds ``values`` to the end of ``list``.</doc>
<status status="PASS" starttime="20220514 22:03:08.057" endtime="20220514 22:03:08.057"/>
</kw>
<status status="PASS" starttime="20220514 22:03:08.057" endtime="20220514 22:03:08.057"/>
</iter>
<iter>
<var name="${index}">6</var>
<kw name="Append To List" library="Collections">
<arg>${listIndex}</arg>
<arg>${index}</arg>
<doc>Adds ``values`` to the end of ``list``.</doc>
<status status="PASS" starttime="20220514 22:03:08.057" endtime="20220514 22:03:08.058"/>
</kw>
<status status="PASS" starttime="20220514 22:03:08.057" endtime="20220514 22:03:08.058"/>
</iter>
<iter>
<var name="${index}">7</var>
<kw name="Append To List" library="Collections">
<arg>${listIndex}</arg>
<arg>${index}</arg>
<doc>Adds ``values`` to the end of ``list``.</doc>
<status status="PASS" starttime="20220514 22:03:08.058" endtime="20220514 22:03:08.058"/>
</kw>
<status status="PASS" starttime="20220514 22:03:08.058" endtime="20220514 22:03:08.058"/>
</iter>
<iter>
<var name="${index}">8</var>
<kw name="Append To List" library="Collections">
<arg>${listIndex}</arg>
<arg>${index}</arg>
<doc>Adds ``values`` to the end of ``list``.</doc>
<status status="PASS" starttime="20220514 22:03:08.058" endtime="20220514 22:03:08.058"/>
</kw>
<status status="PASS" starttime="20220514 22:03:08.058" endtime="20220514 22:03:08.058"/>
</iter>
<iter>
<var name="${index}">9</var>
<kw name="Append To List" library="Collections">
<arg>${listIndex}</arg>
<arg>${index}</arg>
<doc>Adds ``values`` to the end of ``list``.</doc>
<status status="PASS" starttime="20220514 22:03:08.059" endtime="20220514 22:03:08.059"/>
</kw>
<status status="PASS" starttime="20220514 22:03:08.059" endtime="20220514 22:03:08.059"/>
</iter>
<iter>
<var name="${index}">10</var>
<kw name="Append To List" library="Collections">
<arg>${listIndex}</arg>
<arg>${index}</arg>
<doc>Adds ``values`` to the end of ``list``.</doc>
<status status="PASS" starttime="20220514 22:03:08.059" endtime="20220514 22:03:08.059"/>
</kw>
<status status="PASS" starttime="20220514 22:03:08.059" endtime="20220514 22:03:08.059"/>
</iter>
<iter>
<var name="${index}">11</var>
<kw name="Append To List" library="Collections">
<arg>${listIndex}</arg>
<arg>${index}</arg>
<doc>Adds ``values`` to the end of ``list``.</doc>
<status status="PASS" starttime="20220514 22:03:08.059" endtime="20220514 22:03:08.060"/>
</kw>
<status status="PASS" starttime="20220514 22:03:08.059" endtime="20220514 22:03:08.060"/>
</iter>
<status status="PASS" starttime="20220514 22:03:08.055" endtime="20220514 22:03:08.060"/>
</for>
<kw name="Evaluate" library="BuiltIn">
<var>${value}</var>
<arg>random.choice(${listIndex})</arg>
<arg>random</arg>
<doc>Evaluates the given expression in Python and returns the result.</doc>
<msg timestamp="20220514 22:03:08.060" level="INFO">${value} = 0</msg>
<status status="PASS" starttime="20220514 22:03:08.060" endtime="20220514 22:03:08.060"/>
</kw>
<kw name="Replace String" library="String">
<var>${book}</var>
<arg>${book_locator}</arg>
<arg>{index}</arg>
<arg>'${value}'</arg>
<doc>Replaces ``search_for`` in the given ``string`` with ``replace_with``.</doc>
<msg timestamp="20220514 22:03:08.060" level="INFO">${book} = //div[@class="ant-row"]/div['0']</msg>
<status status="PASS" starttime="20220514 22:03:08.060" endtime="20220514 22:03:08.060"/>
</kw>
<kw name="Click Element" library="Selenium2Library">
<arg>${book}</arg>
<doc>Click the element identified by ``locator``.</doc>
<msg timestamp="20220514 22:03:08.061" level="INFO">Clicking element '//div[@class="ant-row"]/div['0']'.</msg>
<status status="PASS" starttime="20220514 22:03:08.061" endtime="20220514 22:03:08.203"/>
</kw>
<kw name="Sleep" library="BuiltIn">
<arg>2s</arg>
<doc>Pauses the test executed for the given time.</doc>
<msg timestamp="20220514 22:03:10.218" level="INFO">Slept 2 seconds</msg>
<status status="PASS" starttime="20220514 22:03:08.203" endtime="20220514 22:03:10.218"/>
</kw>
<kw name="Get Text" library="Selenium2Library">
<var>${release_status_text}</var>
<arg>${release_status_locator}</arg>
<doc>Returns the text value of the element identified by ``locator``.</doc>
<msg timestamp="20220514 22:03:10.237" level="INFO">${release_status_text} = Completed</msg>
<status status="PASS" starttime="20220514 22:03:10.218" endtime="20220514 22:03:10.237"/>
</kw>
<kw name="Click Element" library="Selenium2Library">
<arg>${show_more_locator}</arg>
<doc>Click the element identified by ``locator``.</doc>
<msg timestamp="20220514 22:03:10.237" level="INFO">Clicking element '//span[contains(text(), 'Show More')]'.</msg>
<status status="PASS" starttime="20220514 22:03:10.237" endtime="20220514 22:03:10.322"/>
</kw>
<kw name="Get Text" library="Selenium2Library">
<var>${age_text}</var>
<arg>${age_information_locator}</arg>
<doc>Returns the text value of the element identified by ``locator``.</doc>
<msg timestamp="20220514 22:03:10.354" level="INFO">${age_text} = Age Rating
:
Teen (13+)</msg>
<status status="PASS" starttime="20220514 22:03:10.323" endtime="20220514 22:03:10.354"/>
</kw>
<kw name="Get Text" library="Selenium2Library">
<var>${category_text}</var>
<arg>${style_origin_locator}</arg>
<doc>Returns the text value of the element identified by ``locator``.</doc>
<msg timestamp="20220514 22:03:10.382" level="INFO">${category_text} = Style Origin
:
Japanese Comics (Manga)</msg>
<status status="PASS" starttime="20220514 22:03:10.354" endtime="20220514 22:03:10.382"/>
</kw>
<kw name="Create List" library="BuiltIn">
<var>@{list_information}</var>
<arg>${category_text}</arg>
<arg>${release_status_text}</arg>
<arg>${age_text}</arg>
<doc>Returns a list containing given items.</doc>
<msg timestamp="20220514 22:03:10.382" level="INFO">@{list_information} = [ Style Origin
:
Japanese Comics (Manga) | Completed | Age Rating
:
Teen (13+) ]</msg>
<status status="PASS" starttime="20220514 22:03:10.382" endtime="20220514 22:03:10.383"/>
</kw>
<msg timestamp="20220514 22:03:10.383" level="INFO">${list_information} = ['Style Origin\n:\nJapanese Comics (Manga)', 'Completed', 'Age Rating\n:\nTeen (13+)']</msg>
<status status="PASS" starttime="20220514 22:03:08.044" endtime="20220514 22:03:10.383"/>
</kw>
<kw name="Log" library="BuiltIn">
<arg>${list_information}</arg>
<doc>Logs the given message with the given level.</doc>
<msg timestamp="20220514 22:03:10.383" level="INFO">['Style Origin\n:\nJapanese Comics (Manga)', 'Completed', 'Age Rating\n:\nTeen (13+)']</msg>
<status status="PASS" starttime="20220514 22:03:10.383" endtime="20220514 22:03:10.383"/>
</kw>
<kw name="Should Contain" library="BuiltIn">
<arg>${list_information}[0]</arg>
<arg>Manga</arg>
<doc>Fails if ``container`` does not contain ``item`` one or more times.</doc>
<status status="PASS" starttime="20220514 22:03:10.383" endtime="20220514 22:03:10.384"/>
</kw>
<kw name="Should Contain" library="BuiltIn">
<arg>${list_information}[1]</arg>
<arg>Completed</arg>
<doc>Fails if ``container`` does not contain ``item`` one or more times.</doc>
<status status="PASS" starttime="20220514 22:03:10.384" endtime="20220514 22:03:10.384"/>
</kw>
<kw name="Should Contain" library="BuiltIn">
<arg>${list_information}[2]</arg>
<arg>Teen</arg>
<doc>Fails if ``container`` does not contain ``item`` one or more times.</doc>
<status status="PASS" starttime="20220514 22:03:10.384" endtime="20220514 22:03:10.385"/>
</kw>
<status status="PASS" starttime="20220514 22:03:00.694" endtime="20220514 22:03:10.385"/>
</kw>
<kw name="Close All Browsers" library="Selenium2Library" type="TEARDOWN">
<doc>Closes all open browsers and resets the browser cache.</doc>
<status status="PASS" starttime="20220514 22:03:10.385" endtime="20220514 22:03:12.557"/>
</kw>
<status status="PASS" starttime="20220514 22:02:51.964" endtime="20220514 22:03:12.558"/>
</test>
<status status="PASS" starttime="20220514 22:02:51.758" endtime="20220514 22:03:12.559"/>
</suite>
<statistics>
<total>
<stat pass="1" fail="0" skip="0">All Tests</stat>
</total>
<tag>
</tag>
<suite>
<stat pass="1" fail="0" skip="0" id="s1" name="Test Search Reading List Suite">Test Search Reading List Suite</stat>
</suite>
</statistics>
<errors>
</errors>
</robot>
