<?xml version="1.0" encoding="UTF-8"?>
<robot generator="Robot 5.0 (Python 3.8.7 on win32)" generated="20220515 11:26:11.450" rpa="false" schemaversion="3">
<suite id="s1" name="Test Login Free Account" source="D:\inkr\test\test_login_free_account.robot">
<test id="s1-t1" name="TC001_Test_Login_With_Free_Acount" line="9">
<kw name="Login To Application" library="login_page">
<kw name="Open Web Application" library="common">
<kw name="Join Path" library="OperatingSystem">
<var>${path}</var>
<arg>D:\\inkr\\page</arg>
<arg>../test/webdriver/chromedriver.exe</arg>
<doc>Joins the given path part(s) to the given base path.</doc>
<msg timestamp="20220515 11:26:11.651" level="INFO">${path} = D:\inkr\test\webdriver\chromedriver.exe</msg>
<status status="PASS" starttime="20220515 11:26:11.650" endtime="20220515 11:26:11.651"/>
</kw>
<kw name="Create Webdriver" library="Selenium2Library">
<arg>Chrome</arg>
<arg>executable_path=${path}</arg>
<doc>Creates an instance of Selenium WebDriver.</doc>
<msg timestamp="20220515 11:26:11.651" level="INFO">Creating an instance of the Chrome WebDriver.</msg>
<status status="PASS" starttime="20220515 11:26:11.651" endtime="20220515 11:26:12.897"/>
</kw>
<kw name="Go To" library="Selenium2Library">
<arg>${url}</arg>
<doc>Navigates the current browser window to the provided ``url``.</doc>
<msg timestamp="20220515 11:26:12.898" level="INFO">Opening url 'https://inkr.com'</msg>
<status status="PASS" starttime="20220515 11:26:12.897" endtime="20220515 11:26:14.874"/>
</kw>
<kw name="Maximize Browser Window" library="Selenium2Library">
<doc>Maximizes current browser window.</doc>
<status status="PASS" starttime="20220515 11:26:14.874" endtime="20220515 11:26:15.020"/>
</kw>
<status status="PASS" starttime="20220515 11:26:11.650" endtime="20220515 11:26:15.020"/>
</kw>
<kw name="Wait Until Page Contains Element" library="Selenium2Library">
<arg>${btn_signin}</arg>
<doc>Waits until the element ``locator`` appears on the current page.</doc>
<status status="PASS" starttime="20220515 11:26:15.020" endtime="20220515 11:26:15.058"/>
</kw>
<kw name="Click Element" library="Selenium2Library">
<arg>${btn_signin}</arg>
<doc>Click the element identified by ``locator``.</doc>
<msg timestamp="20220515 11:26:15.059" level="INFO">Clicking element '//span[contains(text(), 'Sign in')]'.</msg>
<status status="PASS" starttime="20220515 11:26:15.058" endtime="20220515 11:26:15.206"/>
</kw>
<kw name="Input Text" library="Selenium2Library">
<arg>${email_edit_text}</arg>
<arg>${email}</arg>
<doc>Types the given ``text`` into the text field identified by ``locator``.</doc>
<msg timestamp="20220515 11:26:15.208" level="INFO">Typing text 'quochuy13se02@gmail.com' into text field '//input[@type='email']'.</msg>
<status status="PASS" starttime="20220515 11:26:15.207" endtime="20220515 11:26:17.579"/>
</kw>
<kw name="Click Element" library="Selenium2Library">
<arg>${btn_continue}</arg>
<doc>Click the element identified by ``locator``.</doc>
<msg timestamp="20220515 11:26:17.579" level="INFO">Clicking element '//button[@type='submit']'.</msg>
<status status="PASS" starttime="20220515 11:26:17.579" endtime="20220515 11:26:17.646"/>
</kw>
<kw name="Wait Until Page Contains Element" library="Selenium2Library">
<arg>${password_edit_text}</arg>
<doc>Waits until the element ``locator`` appears on the current page.</doc>
<status status="PASS" starttime="20220515 11:26:17.646" endtime="20220515 11:26:18.547"/>
</kw>
<kw name="Input Text" library="Selenium2Library">
<arg>${password_edit_text}</arg>
<arg>${password}</arg>
<doc>Types the given ``text`` into the text field identified by ``locator``.</doc>
<msg timestamp="20220515 11:26:18.547" level="INFO">Typing text 'inkr$1395$' into text field '//input[@type='password']'.</msg>
<status status="PASS" starttime="20220515 11:26:18.547" endtime="20220515 11:26:18.620"/>
</kw>
<kw name="Click Element" library="Selenium2Library">
<arg>${btn_login}</arg>
<doc>Click the element identified by ``locator``.</doc>
<msg timestamp="20220515 11:26:18.621" level="INFO">Clicking element '//span[contains(text(), 'Login')]'.</msg>
<status status="PASS" starttime="20220515 11:26:18.621" endtime="20220515 11:26:18.664"/>
</kw>
<kw name="Sleep" library="BuiltIn">
<arg>2s</arg>
<doc>Pauses the test executed for the given time.</doc>
<msg timestamp="20220515 11:26:20.667" level="INFO">Slept 2 seconds</msg>
<status status="PASS" starttime="20220515 11:26:18.664" endtime="20220515 11:26:20.667"/>
</kw>
<status status="PASS" starttime="20220515 11:26:11.650" endtime="20220515 11:26:20.667"/>
</kw>
<kw name="Page Should Contain Element" library="Selenium2Library">
<arg>${icon_user}</arg>
<doc>Verifies that element ``locator`` is found on the current page.</doc>
<msg timestamp="20220515 11:26:20.691" level="INFO">Current page contains element '//span[@class="anticon anticon-user"]'.</msg>
<status status="PASS" starttime="20220515 11:26:20.668" endtime="20220515 11:26:20.691"/>
</kw>
<kw name="Close All Browsers" library="Selenium2Library" type="TEARDOWN">
<doc>Closes all open browsers and resets the browser cache.</doc>
<status status="PASS" starttime="20220515 11:26:20.691" endtime="20220515 11:26:22.874"/>
</kw>
<status status="PASS" starttime="20220515 11:26:11.649" endtime="20220515 11:26:22.875"/>
</test>
<status status="PASS" starttime="20220515 11:26:11.451" endtime="20220515 11:26:22.880"/>
</suite>
<statistics>
<total>
<stat pass="1" fail="0" skip="0">All Tests</stat>
</total>
<tag>
</tag>
<suite>
<stat pass="1" fail="0" skip="0" id="s1" name="Test Login Free Account">Test Login Free Account</stat>
</suite>
</statistics>
<errors>
</errors>
</robot>
